Epoch[1/200] Train Loss: 1.8247, Train Acc: 33.61%
Epoch[1/200] Val Loss: 1.6582, Val Acc: 41.44%
Validation accuracy improved (-inf -> 41.4352).
Saved checkpoint: /media/icnlab/Data/Thang/plan_dieases/vit_xai/checkpoints/plantdoc/mobileplantvit/run_20251212-003007/best_checkpoint.pth
Epoch[2/200] Train Loss: 1.6327, Train Acc: 42.00%
Epoch[2/200] Val Loss: 1.5837, Val Acc: 45.02%
Validation accuracy improved (41.4352 -> 45.0231).
Saved checkpoint: /media/icnlab/Data/Thang/plan_dieases/vit_xai/checkpoints/plantdoc/mobileplantvit/run_20251212-003007/best_checkpoint.pth
Epoch[3/200] Train Loss: 1.5623, Train Acc: 44.67%
Epoch[3/200] Val Loss: 1.5518, Val Acc: 43.98%
No improvement for 1 epoch(s).
Epoch[4/200] Train Loss: 1.5232, Train Acc: 46.98%
Epoch[4/200] Val Loss: 1.5298, Val Acc: 48.15%
Validation accuracy improved (45.0231 -> 48.1481).
Saved checkpoint: /media/icnlab/Data/Thang/plan_dieases/vit_xai/checkpoints/plantdoc/mobileplantvit/run_20251212-003007/best_checkpoint.pth
Epoch[5/200] Train Loss: 1.4733, Train Acc: 47.68%
Epoch[5/200] Val Loss: 1.4735, Val Acc: 46.99%
No improvement for 1 epoch(s).
Epoch[6/200] Train Loss: 1.4415, Train Acc: 49.78%
Epoch[6/200] Val Loss: 1.4427, Val Acc: 50.58%
Validation accuracy improved (48.1481 -> 50.5787).
Saved checkpoint: /media/icnlab/Data/Thang/plan_dieases/vit_xai/checkpoints/plantdoc/mobileplantvit/run_20251212-003007/best_checkpoint.pth
Epoch[7/200] Train Loss: 1.4401, Train Acc: 49.96%
Epoch[7/200] Val Loss: 1.4551, Val Acc: 50.58%
No improvement for 1 epoch(s).
Epoch[8/200] Train Loss: 1.3917, Train Acc: 50.52%
Epoch[8/200] Val Loss: 1.4267, Val Acc: 51.97%
Validation accuracy improved (50.5787 -> 51.9676).
Saved checkpoint: /media/icnlab/Data/Thang/plan_dieases/vit_xai/checkpoints/plantdoc/mobileplantvit/run_20251212-003007/best_checkpoint.pth
Epoch[9/200] Train Loss: 1.3688, Train Acc: 50.66%
Epoch[9/200] Val Loss: 1.3729, Val Acc: 52.66%
Validation accuracy improved (51.9676 -> 52.6620).
Saved checkpoint: /media/icnlab/Data/Thang/plan_dieases/vit_xai/checkpoints/plantdoc/mobileplantvit/run_20251212-003007/best_checkpoint.pth
Epoch[10/200] Train Loss: 1.3592, Train Acc: 51.31%
Epoch[10/200] Val Loss: 1.3279, Val Acc: 56.13%
Validation accuracy improved (52.6620 -> 56.1343).
Saved checkpoint: /media/icnlab/Data/Thang/plan_dieases/vit_xai/checkpoints/plantdoc/mobileplantvit/run_20251212-003007/best_checkpoint.pth
Epoch[11/200] Train Loss: 1.3706, Train Acc: 50.61%
Epoch[11/200] Val Loss: 1.3154, Val Acc: 57.29%
Validation accuracy improved (56.1343 -> 57.2917).
Saved checkpoint: /media/icnlab/Data/Thang/plan_dieases/vit_xai/checkpoints/plantdoc/mobileplantvit/run_20251212-003007/best_checkpoint.pth
Epoch[12/200] Train Loss: 1.3327, Train Acc: 51.31%
Epoch[12/200] Val Loss: 1.2899, Val Acc: 54.75%
No improvement for 1 epoch(s).
Epoch[13/200] Train Loss: 1.3016, Train Acc: 53.41%
Epoch[13/200] Val Loss: 1.3710, Val Acc: 54.40%
No improvement for 2 epoch(s).
Epoch[14/200] Train Loss: 1.3097, Train Acc: 53.06%
Epoch[14/200] Val Loss: 1.5110, Val Acc: 49.88%
No improvement for 3 epoch(s).
Epoch[15/200] Train Loss: 1.3100, Train Acc: 52.75%
Epoch[15/200] Val Loss: 1.3008, Val Acc: 55.44%
No improvement for 4 epoch(s).
Epoch[16/200] Train Loss: 1.2862, Train Acc: 53.50%
Epoch[16/200] Val Loss: 1.3101, Val Acc: 51.97%
No improvement for 5 epoch(s).
Epoch[17/200] Train Loss: 1.2595, Train Acc: 54.24%
Epoch[17/200] Val Loss: 1.3158, Val Acc: 54.05%
No improvement for 6 epoch(s).
Epoch[18/200] Train Loss: 1.2699, Train Acc: 54.41%
Epoch[18/200] Val Loss: 1.2989, Val Acc: 54.40%
No improvement for 7 epoch(s).
Epoch[19/200] Train Loss: 1.2579, Train Acc: 53.58%
Epoch[19/200] Val Loss: 1.2848, Val Acc: 55.79%
No improvement for 8 epoch(s).
Epoch[20/200] Train Loss: 1.2481, Train Acc: 54.85%
Epoch[20/200] Val Loss: 1.3945, Val Acc: 49.19%
No improvement for 9 epoch(s).
Epoch[21/200] Train Loss: 1.2630, Train Acc: 54.24%
Epoch[21/200] Val Loss: 1.2818, Val Acc: 55.09%
No improvement for 10 epoch(s).
Epoch[22/200] Train Loss: 1.2532, Train Acc: 55.03%
Epoch[22/200] Val Loss: 1.2940, Val Acc: 56.60%
No improvement for 11 epoch(s).
Epoch[23/200] Train Loss: 1.2219, Train Acc: 56.12%
Epoch[23/200] Val Loss: 1.2341, Val Acc: 57.18%
No improvement for 12 epoch(s).
Epoch[24/200] Train Loss: 1.1771, Train Acc: 57.74%
Epoch[24/200] Val Loss: 1.2014, Val Acc: 56.60%
No improvement for 13 epoch(s).
Epoch[25/200] Train Loss: 1.1752, Train Acc: 56.69%
Epoch[25/200] Val Loss: 1.2566, Val Acc: 57.75%
Validation accuracy improved (57.2917 -> 57.7546).
Saved checkpoint: /media/icnlab/Data/Thang/plan_dieases/vit_xai/checkpoints/plantdoc/mobileplantvit/run_20251212-003007/best_checkpoint.pth
Epoch[26/200] Train Loss: 1.1964, Train Acc: 56.25%
Epoch[26/200] Val Loss: 1.2019, Val Acc: 57.64%
No improvement for 1 epoch(s).
Epoch[27/200] Train Loss: 1.1602, Train Acc: 58.57%
Epoch[27/200] Val Loss: 1.2103, Val Acc: 59.61%
Validation accuracy improved (57.7546 -> 59.6065).
Saved checkpoint: /media/icnlab/Data/Thang/plan_dieases/vit_xai/checkpoints/plantdoc/mobileplantvit/run_20251212-003007/best_checkpoint.pth
Epoch[28/200] Train Loss: 1.1668, Train Acc: 57.87%
Epoch[28/200] Val Loss: 1.2482, Val Acc: 57.29%
No improvement for 1 epoch(s).
Epoch[29/200] Train Loss: 1.1368, Train Acc: 58.87%
Epoch[29/200] Val Loss: 1.2166, Val Acc: 55.44%
No improvement for 2 epoch(s).
Epoch[30/200] Train Loss: 1.1398, Train Acc: 58.09%
Epoch[30/200] Val Loss: 1.2100, Val Acc: 56.83%
No improvement for 3 epoch(s).
Epoch[31/200] Train Loss: 1.1460, Train Acc: 58.26%
Epoch[31/200] Val Loss: 1.1758, Val Acc: 57.75%
No improvement for 4 epoch(s).
Epoch[32/200] Train Loss: 1.1201, Train Acc: 58.44%
Epoch[32/200] Val Loss: 1.1549, Val Acc: 59.26%
No improvement for 5 epoch(s).
Epoch[33/200] Train Loss: 1.0968, Train Acc: 60.14%
Epoch[33/200] Val Loss: 1.1899, Val Acc: 60.42%
Validation accuracy improved (59.6065 -> 60.4167).
Saved checkpoint: /media/icnlab/Data/Thang/plan_dieases/vit_xai/checkpoints/plantdoc/mobileplantvit/run_20251212-003007/best_checkpoint.pth
Epoch[34/200] Train Loss: 1.1174, Train Acc: 59.44%
Epoch[34/200] Val Loss: 1.2159, Val Acc: 57.64%
No improvement for 1 epoch(s).
Epoch[35/200] Train Loss: 1.1036, Train Acc: 59.00%
Epoch[35/200] Val Loss: 1.1996, Val Acc: 59.72%
No improvement for 2 epoch(s).
Epoch[36/200] Train Loss: 1.0866, Train Acc: 59.83%
Epoch[36/200] Val Loss: 1.1699, Val Acc: 60.30%
No improvement for 3 epoch(s).
Epoch[37/200] Train Loss: 1.0952, Train Acc: 59.35%
Epoch[37/200] Val Loss: 1.1717, Val Acc: 60.30%
No improvement for 4 epoch(s).
Epoch[38/200] Train Loss: 1.1225, Train Acc: 59.83%
Epoch[38/200] Val Loss: 1.1730, Val Acc: 57.99%
No improvement for 5 epoch(s).
Epoch[39/200] Train Loss: 1.1054, Train Acc: 59.79%
Epoch[39/200] Val Loss: 1.1431, Val Acc: 60.76%
Validation accuracy improved (60.4167 -> 60.7639).
Saved checkpoint: /media/icnlab/Data/Thang/plan_dieases/vit_xai/checkpoints/plantdoc/mobileplantvit/run_20251212-003007/best_checkpoint.pth
Epoch[40/200] Train Loss: 1.0898, Train Acc: 60.71%
Epoch[40/200] Val Loss: 1.1500, Val Acc: 59.49%
No improvement for 1 epoch(s).
Epoch[41/200] Train Loss: 1.0941, Train Acc: 60.14%
Epoch[41/200] Val Loss: 1.1334, Val Acc: 62.04%
Validation accuracy improved (60.7639 -> 62.0370).
Saved checkpoint: /media/icnlab/Data/Thang/plan_dieases/vit_xai/checkpoints/plantdoc/mobileplantvit/run_20251212-003007/best_checkpoint.pth
Epoch[42/200] Train Loss: 1.0976, Train Acc: 59.62%
Epoch[42/200] Val Loss: 1.1573, Val Acc: 59.03%
No improvement for 1 epoch(s).
Epoch[43/200] Train Loss: 1.0564, Train Acc: 60.23%
Epoch[43/200] Val Loss: 1.1333, Val Acc: 60.88%
No improvement for 2 epoch(s).
Epoch[44/200] Train Loss: 1.0963, Train Acc: 60.40%
Epoch[44/200] Val Loss: 1.1366, Val Acc: 60.30%
No improvement for 3 epoch(s).
Epoch[45/200] Train Loss: 1.0673, Train Acc: 61.19%
Epoch[45/200] Val Loss: 1.1243, Val Acc: 60.65%
No improvement for 4 epoch(s).
Epoch[46/200] Train Loss: 1.0642, Train Acc: 59.48%
Epoch[46/200] Val Loss: 1.1137, Val Acc: 62.50%
Validation accuracy improved (62.0370 -> 62.5000).
Saved checkpoint: /media/icnlab/Data/Thang/plan_dieases/vit_xai/checkpoints/plantdoc/mobileplantvit/run_20251212-003007/best_checkpoint.pth
Epoch[47/200] Train Loss: 1.0924, Train Acc: 60.40%
Epoch[47/200] Val Loss: 1.1080, Val Acc: 61.46%
No improvement for 1 epoch(s).
Epoch[48/200] Train Loss: 1.0435, Train Acc: 60.84%
Epoch[48/200] Val Loss: 1.2115, Val Acc: 59.49%
No improvement for 2 epoch(s).
Epoch[49/200] Train Loss: 1.0495, Train Acc: 60.88%
Epoch[49/200] Val Loss: 1.1481, Val Acc: 59.84%
No improvement for 3 epoch(s).
Epoch[50/200] Train Loss: 1.0549, Train Acc: 60.45%
Epoch[50/200] Val Loss: 1.1568, Val Acc: 60.42%
No improvement for 4 epoch(s).
Epoch[51/200] Train Loss: 1.0405, Train Acc: 62.15%
Epoch[51/200] Val Loss: 1.1445, Val Acc: 61.11%
No improvement for 5 epoch(s).
Epoch[52/200] Train Loss: 1.0455, Train Acc: 61.63%
Epoch[52/200] Val Loss: 1.1726, Val Acc: 58.56%
No improvement for 6 epoch(s).
Epoch[53/200] Train Loss: 1.0515, Train Acc: 61.89%
Epoch[53/200] Val Loss: 1.0809, Val Acc: 62.04%
No improvement for 7 epoch(s).
Epoch[54/200] Train Loss: 1.0119, Train Acc: 61.67%
Epoch[54/200] Val Loss: 1.1044, Val Acc: 60.19%
No improvement for 8 epoch(s).
Epoch[55/200] Train Loss: 1.0167, Train Acc: 62.02%
Epoch[55/200] Val Loss: 1.1521, Val Acc: 59.95%
No improvement for 9 epoch(s).
Epoch[56/200] Train Loss: 1.0289, Train Acc: 61.80%
Epoch[56/200] Val Loss: 1.1151, Val Acc: 61.34%
No improvement for 10 epoch(s).
Epoch[57/200] Train Loss: 1.0346, Train Acc: 62.50%
Epoch[57/200] Val Loss: 1.1423, Val Acc: 60.30%
No improvement for 11 epoch(s).
Epoch[58/200] Train Loss: 0.9746, Train Acc: 63.68%
Epoch[58/200] Val Loss: 1.0892, Val Acc: 60.30%
No improvement for 12 epoch(s).
Epoch[59/200] Train Loss: 0.9572, Train Acc: 64.12%
Epoch[59/200] Val Loss: 1.0749, Val Acc: 63.08%
Validation accuracy improved (62.5000 -> 63.0787).
Saved checkpoint: /media/icnlab/Data/Thang/plan_dieases/vit_xai/checkpoints/plantdoc/mobileplantvit/run_20251212-003007/best_checkpoint.pth
Epoch[60/200] Train Loss: 0.9742, Train Acc: 64.20%
Epoch[60/200] Val Loss: 1.0531, Val Acc: 63.77%
Validation accuracy improved (63.0787 -> 63.7731).
Saved checkpoint: /media/icnlab/Data/Thang/plan_dieases/vit_xai/checkpoints/plantdoc/mobileplantvit/run_20251212-003007/best_checkpoint.pth
Epoch[61/200] Train Loss: 0.9695, Train Acc: 64.34%
Epoch[61/200] Val Loss: 1.0439, Val Acc: 63.43%
No improvement for 1 epoch(s).
Epoch[62/200] Train Loss: 0.9594, Train Acc: 64.73%
Epoch[62/200] Val Loss: 1.0432, Val Acc: 61.00%
No improvement for 2 epoch(s).
Epoch[63/200] Train Loss: 0.9430, Train Acc: 64.95%
Epoch[63/200] Val Loss: 1.0389, Val Acc: 63.43%
No improvement for 3 epoch(s).
Epoch[64/200] Train Loss: 0.9405, Train Acc: 65.12%
Epoch[64/200] Val Loss: 1.0664, Val Acc: 62.04%
No improvement for 4 epoch(s).
Epoch[65/200] Train Loss: 0.9563, Train Acc: 64.90%
Epoch[65/200] Val Loss: 1.0501, Val Acc: 62.85%
No improvement for 5 epoch(s).
Epoch[66/200] Train Loss: 0.9660, Train Acc: 63.68%
Epoch[66/200] Val Loss: 1.1072, Val Acc: 62.50%
No improvement for 6 epoch(s).
Epoch[67/200] Train Loss: 0.9287, Train Acc: 66.08%
Epoch[67/200] Val Loss: 1.1050, Val Acc: 59.38%
No improvement for 7 epoch(s).
Epoch[68/200] Train Loss: 0.9315, Train Acc: 65.03%
Epoch[68/200] Val Loss: 1.0759, Val Acc: 62.85%
No improvement for 8 epoch(s).
Epoch[69/200] Train Loss: 0.9219, Train Acc: 65.43%
Epoch[69/200] Val Loss: 1.0654, Val Acc: 62.85%
No improvement for 9 epoch(s).
Epoch[70/200] Train Loss: 0.9393, Train Acc: 64.64%
Epoch[70/200] Val Loss: 1.0355, Val Acc: 62.50%
No improvement for 10 epoch(s).
Epoch[71/200] Train Loss: 0.9483, Train Acc: 65.73%
Epoch[71/200] Val Loss: 1.0046, Val Acc: 63.66%
No improvement for 11 epoch(s).
Epoch[72/200] Train Loss: 0.9271, Train Acc: 65.21%
Epoch[72/200] Val Loss: 0.9977, Val Acc: 63.43%
No improvement for 12 epoch(s).
Epoch[73/200] Train Loss: 0.9073, Train Acc: 66.30%
Epoch[73/200] Val Loss: 0.9722, Val Acc: 62.38%
No improvement for 13 epoch(s).
Epoch[74/200] Train Loss: 0.9008, Train Acc: 66.96%
Epoch[74/200] Val Loss: 1.0277, Val Acc: 62.27%
No improvement for 14 epoch(s).
Epoch[75/200] Train Loss: 0.8962, Train Acc: 66.39%
Epoch[75/200] Val Loss: 1.0323, Val Acc: 61.69%
No improvement for 15 epoch(s).
Epoch[76/200] Train Loss: 0.8901, Train Acc: 67.35%
Epoch[76/200] Val Loss: 0.9849, Val Acc: 63.31%
No improvement for 16 epoch(s).
Epoch[77/200] Train Loss: 0.8823, Train Acc: 66.61%
Epoch[77/200] Val Loss: 0.9959, Val Acc: 62.96%
No improvement for 17 epoch(s).
Epoch[78/200] Train Loss: 0.8477, Train Acc: 69.45%
Epoch[78/200] Val Loss: 0.9903, Val Acc: 63.43%
No improvement for 18 epoch(s).
Epoch[79/200] Train Loss: 0.8760, Train Acc: 67.05%
Epoch[79/200] Val Loss: 1.0038, Val Acc: 63.77%
No improvement for 19 epoch(s).
Epoch[80/200] Train Loss: 0.8859, Train Acc: 68.18%
Epoch[80/200] Val Loss: 0.9709, Val Acc: 63.19%
No improvement for 20 epoch(s).
Epoch[81/200] Train Loss: 0.8515, Train Acc: 68.09%
Epoch[81/200] Val Loss: 1.0218, Val Acc: 62.50%
No improvement for 21 epoch(s).
Epoch[82/200] Train Loss: 0.8725, Train Acc: 67.96%
Epoch[82/200] Val Loss: 0.9949, Val Acc: 62.04%
No improvement for 22 epoch(s).
Epoch[83/200] Train Loss: 0.8765, Train Acc: 67.96%
Epoch[83/200] Val Loss: 0.9816, Val Acc: 63.08%
No improvement for 23 epoch(s).
Epoch[84/200] Train Loss: 0.8762, Train Acc: 67.18%
Epoch[84/200] Val Loss: 0.9570, Val Acc: 65.28%
Validation accuracy improved (63.7731 -> 65.2778).
Saved checkpoint: /media/icnlab/Data/Thang/plan_dieases/vit_xai/checkpoints/plantdoc/mobileplantvit/run_20251212-003007/best_checkpoint.pth
Epoch[85/200] Train Loss: 0.8699, Train Acc: 67.92%
Epoch[85/200] Val Loss: 0.9557, Val Acc: 66.20%
Validation accuracy improved (65.2778 -> 66.2037).
Saved checkpoint: /media/icnlab/Data/Thang/plan_dieases/vit_xai/checkpoints/plantdoc/mobileplantvit/run_20251212-003007/best_checkpoint.pth
Epoch[86/200] Train Loss: 0.8546, Train Acc: 68.66%
Epoch[86/200] Val Loss: 0.9273, Val Acc: 65.05%
No improvement for 1 epoch(s).
Epoch[87/200] Train Loss: 0.8629, Train Acc: 68.40%
Epoch[87/200] Val Loss: 0.9708, Val Acc: 63.66%
No improvement for 2 epoch(s).
Epoch[88/200] Train Loss: 0.8631, Train Acc: 67.35%
Epoch[88/200] Val Loss: 1.0095, Val Acc: 63.43%
No improvement for 3 epoch(s).
Epoch[89/200] Train Loss: 0.8468, Train Acc: 69.32%
Epoch[89/200] Val Loss: 0.9502, Val Acc: 64.00%
No improvement for 4 epoch(s).
Epoch[90/200] Train Loss: 0.8269, Train Acc: 68.05%
Epoch[90/200] Val Loss: 0.9414, Val Acc: 65.28%
No improvement for 5 epoch(s).
Epoch[91/200] Train Loss: 0.8425, Train Acc: 68.01%
Epoch[91/200] Val Loss: 0.9737, Val Acc: 64.58%
No improvement for 6 epoch(s).
Epoch[92/200] Train Loss: 0.8516, Train Acc: 68.79%
Epoch[92/200] Val Loss: 0.9976, Val Acc: 63.43%
No improvement for 7 epoch(s).
Epoch[93/200] Train Loss: 0.8571, Train Acc: 67.53%
Epoch[93/200] Val Loss: 0.9524, Val Acc: 65.16%
No improvement for 8 epoch(s).
Epoch[94/200] Train Loss: 0.8644, Train Acc: 67.70%
Epoch[94/200] Val Loss: 0.9653, Val Acc: 65.51%
No improvement for 9 epoch(s).
Epoch[95/200] Train Loss: 0.8499, Train Acc: 67.70%
Epoch[95/200] Val Loss: 0.9663, Val Acc: 63.08%
No improvement for 10 epoch(s).
Epoch[96/200] Train Loss: 0.8408, Train Acc: 69.45%
Epoch[96/200] Val Loss: 0.9413, Val Acc: 64.47%
No improvement for 11 epoch(s).
Epoch[97/200] Train Loss: 0.8445, Train Acc: 68.62%
Epoch[97/200] Val Loss: 0.9509, Val Acc: 65.86%
No improvement for 12 epoch(s).
Epoch[98/200] Train Loss: 0.8661, Train Acc: 67.70%
Epoch[98/200] Val Loss: 0.9662, Val Acc: 63.77%
No improvement for 13 epoch(s).
Epoch[99/200] Train Loss: 0.8359, Train Acc: 69.32%
Epoch[99/200] Val Loss: 0.9648, Val Acc: 62.73%
No improvement for 14 epoch(s).
Epoch[100/200] Train Loss: 0.8303, Train Acc: 70.02%
Epoch[100/200] Val Loss: 0.9599, Val Acc: 64.00%
No improvement for 15 epoch(s).
Epoch[101/200] Train Loss: 0.8441, Train Acc: 68.09%
Epoch[101/200] Val Loss: 0.9614, Val Acc: 65.74%
No improvement for 16 epoch(s).
Epoch[102/200] Train Loss: 0.8391, Train Acc: 69.10%
Epoch[102/200] Val Loss: 0.9404, Val Acc: 64.00%
No improvement for 17 epoch(s).
Epoch[103/200] Train Loss: 0.8466, Train Acc: 68.36%
Epoch[103/200] Val Loss: 0.9519, Val Acc: 65.16%
No improvement for 18 epoch(s).
Epoch[104/200] Train Loss: 0.8547, Train Acc: 69.14%
Epoch[104/200] Val Loss: 0.9419, Val Acc: 64.24%
No improvement for 19 epoch(s).
Epoch[105/200] Train Loss: 0.8467, Train Acc: 68.31%
Epoch[105/200] Val Loss: 0.9514, Val Acc: 64.00%
No improvement for 20 epoch(s).
Epoch[106/200] Train Loss: 0.8504, Train Acc: 68.71%
Epoch[106/200] Val Loss: 0.9447, Val Acc: 64.12%
No improvement for 21 epoch(s).
Epoch[107/200] Train Loss: 0.8145, Train Acc: 69.97%
Epoch[107/200] Val Loss: 0.9462, Val Acc: 66.32%
Validation accuracy improved (66.2037 -> 66.3194).
Saved checkpoint: /media/icnlab/Data/Thang/plan_dieases/vit_xai/checkpoints/plantdoc/mobileplantvit/run_20251212-003007/best_checkpoint.pth
Epoch[108/200] Train Loss: 0.8416, Train Acc: 68.49%
Epoch[108/200] Val Loss: 0.9573, Val Acc: 63.66%
No improvement for 1 epoch(s).
Epoch[109/200] Train Loss: 0.8436, Train Acc: 69.58%
Epoch[109/200] Val Loss: 0.9500, Val Acc: 64.93%
No improvement for 2 epoch(s).
Epoch[110/200] Train Loss: 0.8456, Train Acc: 69.06%
Epoch[110/200] Val Loss: 0.9626, Val Acc: 64.93%
No improvement for 3 epoch(s).
Epoch[111/200] Train Loss: 0.8615, Train Acc: 67.96%
Epoch[111/200] Val Loss: 0.9552, Val Acc: 64.70%
No improvement for 4 epoch(s).
Epoch[112/200] Train Loss: 0.8472, Train Acc: 69.19%
Epoch[112/200] Val Loss: 0.9449, Val Acc: 64.81%
No improvement for 5 epoch(s).
Epoch[113/200] Train Loss: 0.8198, Train Acc: 70.10%
Epoch[113/200] Val Loss: 0.9466, Val Acc: 65.28%
No improvement for 6 epoch(s).
Epoch[114/200] Train Loss: 0.8377, Train Acc: 68.58%
Epoch[114/200] Val Loss: 0.9527, Val Acc: 64.70%
No improvement for 7 epoch(s).
Epoch[115/200] Train Loss: 0.8532, Train Acc: 69.01%
Epoch[115/200] Val Loss: 0.9569, Val Acc: 64.12%
No improvement for 8 epoch(s).
Epoch[116/200] Train Loss: 0.8356, Train Acc: 69.32%
Epoch[116/200] Val Loss: 0.9629, Val Acc: 65.39%
No improvement for 9 epoch(s).
Epoch[117/200] Train Loss: 0.8352, Train Acc: 69.14%
Epoch[117/200] Val Loss: 0.9292, Val Acc: 65.39%
No improvement for 10 epoch(s).
Epoch[118/200] Train Loss: 0.8354, Train Acc: 70.15%
Epoch[118/200] Val Loss: 0.9629, Val Acc: 64.00%
No improvement for 11 epoch(s).
Epoch[119/200] Train Loss: 0.8257, Train Acc: 69.23%
Epoch[119/200] Val Loss: 0.9356, Val Acc: 65.05%
No improvement for 12 epoch(s).
Epoch[120/200] Train Loss: 0.8109, Train Acc: 69.62%
Epoch[120/200] Val Loss: 0.9460, Val Acc: 66.67%
Validation accuracy improved (66.3194 -> 66.6667).
Saved checkpoint: /media/icnlab/Data/Thang/plan_dieases/vit_xai/checkpoints/plantdoc/mobileplantvit/run_20251212-003007/best_checkpoint.pth
Epoch[121/200] Train Loss: 0.8271, Train Acc: 69.32%
Epoch[121/200] Val Loss: 0.9349, Val Acc: 65.51%
No improvement for 1 epoch(s).
Epoch[122/200] Train Loss: 0.8420, Train Acc: 69.10%
Epoch[122/200] Val Loss: 0.9377, Val Acc: 65.05%
No improvement for 2 epoch(s).
Epoch[123/200] Train Loss: 0.8254, Train Acc: 68.14%
Epoch[123/200] Val Loss: 0.9355, Val Acc: 64.35%
No improvement for 3 epoch(s).
Epoch[124/200] Train Loss: 0.8326, Train Acc: 69.41%
Epoch[124/200] Val Loss: 0.9550, Val Acc: 63.66%
No improvement for 4 epoch(s).
Epoch[125/200] Train Loss: 0.8060, Train Acc: 70.32%
Epoch[125/200] Val Loss: 0.9422, Val Acc: 64.70%
No improvement for 5 epoch(s).
Epoch[126/200] Train Loss: 0.8195, Train Acc: 69.19%
Epoch[126/200] Val Loss: 0.9314, Val Acc: 65.05%
No improvement for 6 epoch(s).
Epoch[127/200] Train Loss: 0.8369, Train Acc: 68.23%
Epoch[127/200] Val Loss: 0.9465, Val Acc: 64.35%
No improvement for 7 epoch(s).
Epoch[128/200] Train Loss: 0.8434, Train Acc: 69.10%
Epoch[128/200] Val Loss: 0.9499, Val Acc: 66.78%
Validation accuracy improved (66.6667 -> 66.7824).
Saved checkpoint: /media/icnlab/Data/Thang/plan_dieases/vit_xai/checkpoints/plantdoc/mobileplantvit/run_20251212-003007/best_checkpoint.pth
Epoch[129/200] Train Loss: 0.8122, Train Acc: 70.15%
Epoch[129/200] Val Loss: 0.9475, Val Acc: 67.25%
Validation accuracy improved (66.7824 -> 67.2454).
Saved checkpoint: /media/icnlab/Data/Thang/plan_dieases/vit_xai/checkpoints/plantdoc/mobileplantvit/run_20251212-003007/best_checkpoint.pth
Epoch[130/200] Train Loss: 0.8249, Train Acc: 68.09%
Epoch[130/200] Val Loss: 0.9422, Val Acc: 64.70%
No improvement for 1 epoch(s).
Epoch[131/200] Train Loss: 0.8026, Train Acc: 69.27%
Epoch[131/200] Val Loss: 0.9282, Val Acc: 65.05%
No improvement for 2 epoch(s).
Epoch[132/200] Train Loss: 0.8330, Train Acc: 68.84%
Epoch[132/200] Val Loss: 0.9519, Val Acc: 65.62%
No improvement for 3 epoch(s).
Epoch[133/200] Train Loss: 0.8199, Train Acc: 69.01%
Epoch[133/200] Val Loss: 0.9406, Val Acc: 65.39%
No improvement for 4 epoch(s).
Epoch[134/200] Train Loss: 0.8675, Train Acc: 67.66%
Epoch[134/200] Val Loss: 0.9319, Val Acc: 63.66%
No improvement for 5 epoch(s).
Epoch[135/200] Train Loss: 0.8224, Train Acc: 68.97%
Epoch[135/200] Val Loss: 0.9623, Val Acc: 63.89%
No improvement for 6 epoch(s).
Epoch[136/200] Train Loss: 0.8196, Train Acc: 69.06%
Epoch[136/200] Val Loss: 0.9448, Val Acc: 64.70%
No improvement for 7 epoch(s).
Epoch[137/200] Train Loss: 0.8240, Train Acc: 69.62%
Epoch[137/200] Val Loss: 0.9924, Val Acc: 64.70%
No improvement for 8 epoch(s).
Epoch[138/200] Train Loss: 0.8039, Train Acc: 69.54%
Epoch[138/200] Val Loss: 0.9490, Val Acc: 64.24%
No improvement for 9 epoch(s).
Epoch[139/200] Train Loss: 0.8275, Train Acc: 68.66%
Epoch[139/200] Val Loss: 0.9247, Val Acc: 65.51%
No improvement for 10 epoch(s).
Epoch[140/200] Train Loss: 0.8635, Train Acc: 68.18%
Epoch[140/200] Val Loss: 0.9609, Val Acc: 62.96%
No improvement for 11 epoch(s).
Epoch[141/200] Train Loss: 0.8141, Train Acc: 68.75%
Epoch[141/200] Val Loss: 0.9404, Val Acc: 64.58%
No improvement for 12 epoch(s).
Epoch[142/200] Train Loss: 0.8409, Train Acc: 68.27%
Epoch[142/200] Val Loss: 0.9390, Val Acc: 65.97%
No improvement for 13 epoch(s).
Epoch[143/200] Train Loss: 0.8032, Train Acc: 71.02%
Epoch[143/200] Val Loss: 0.9237, Val Acc: 65.05%
No improvement for 14 epoch(s).
Epoch[144/200] Train Loss: 0.8224, Train Acc: 69.14%
Epoch[144/200] Val Loss: 0.9398, Val Acc: 65.16%
No improvement for 15 epoch(s).
Epoch[145/200] Train Loss: 0.8051, Train Acc: 70.10%
Epoch[145/200] Val Loss: 0.9507, Val Acc: 64.81%
No improvement for 16 epoch(s).
Epoch[146/200] Train Loss: 0.8148, Train Acc: 69.45%
Epoch[146/200] Val Loss: 0.9270, Val Acc: 65.39%
No improvement for 17 epoch(s).
Epoch[147/200] Train Loss: 0.8218, Train Acc: 70.28%
Epoch[147/200] Val Loss: 0.9250, Val Acc: 66.09%
No improvement for 18 epoch(s).
Epoch[148/200] Train Loss: 0.8211, Train Acc: 69.84%
Epoch[148/200] Val Loss: 0.9283, Val Acc: 66.09%
No improvement for 19 epoch(s).
Epoch[149/200] Train Loss: 0.8072, Train Acc: 70.63%
Epoch[149/200] Val Loss: 0.9272, Val Acc: 65.86%
No improvement for 20 epoch(s).
Epoch[150/200] Train Loss: 0.8096, Train Acc: 70.28%
Epoch[150/200] Val Loss: 0.9384, Val Acc: 65.86%
No improvement for 21 epoch(s).
Epoch[151/200] Train Loss: 0.8239, Train Acc: 69.76%
Epoch[151/200] Val Loss: 0.9174, Val Acc: 64.81%
No improvement for 22 epoch(s).
Epoch[152/200] Train Loss: 0.8152, Train Acc: 70.24%
Epoch[152/200] Val Loss: 0.9311, Val Acc: 66.32%
No improvement for 23 epoch(s).
Epoch[153/200] Train Loss: 0.8076, Train Acc: 69.76%
Epoch[153/200] Val Loss: 0.9245, Val Acc: 66.55%
No improvement for 24 epoch(s).
Epoch[154/200] Train Loss: 0.8268, Train Acc: 68.71%
Epoch[154/200] Val Loss: 0.9342, Val Acc: 67.59%
Validation accuracy improved (67.2454 -> 67.5926).
Saved checkpoint: /media/icnlab/Data/Thang/plan_dieases/vit_xai/checkpoints/plantdoc/mobileplantvit/run_20251212-003007/best_checkpoint.pth
Epoch[155/200] Train Loss: 0.8317, Train Acc: 69.14%
Epoch[155/200] Val Loss: 0.9388, Val Acc: 66.67%
No improvement for 1 epoch(s).
Epoch[156/200] Train Loss: 0.8240, Train Acc: 69.41%
Epoch[156/200] Val Loss: 0.9496, Val Acc: 64.70%
No improvement for 2 epoch(s).
Epoch[157/200] Train Loss: 0.8237, Train Acc: 69.62%
Epoch[157/200] Val Loss: 0.9231, Val Acc: 64.58%
No improvement for 3 epoch(s).
Epoch[158/200] Train Loss: 0.8086, Train Acc: 70.06%
Epoch[158/200] Val Loss: 0.9404, Val Acc: 65.51%
No improvement for 4 epoch(s).
Epoch[159/200] Train Loss: 0.7956, Train Acc: 71.42%
Epoch[159/200] Val Loss: 0.9462, Val Acc: 63.43%
No improvement for 5 epoch(s).
Epoch[160/200] Train Loss: 0.8470, Train Acc: 68.75%
Epoch[160/200] Val Loss: 0.9104, Val Acc: 65.51%
No improvement for 6 epoch(s).
Epoch[161/200] Train Loss: 0.8043, Train Acc: 70.02%
Epoch[161/200] Val Loss: 0.9251, Val Acc: 65.39%
No improvement for 7 epoch(s).
Epoch[162/200] Train Loss: 0.8143, Train Acc: 70.10%
Epoch[162/200] Val Loss: 0.9223, Val Acc: 65.86%
No improvement for 8 epoch(s).
Epoch[163/200] Train Loss: 0.7952, Train Acc: 69.84%
Epoch[163/200] Val Loss: 0.9304, Val Acc: 65.39%
No improvement for 9 epoch(s).
Epoch[164/200] Train Loss: 0.8046, Train Acc: 70.02%
Epoch[164/200] Val Loss: 0.9262, Val Acc: 64.47%
No improvement for 10 epoch(s).
Epoch[165/200] Train Loss: 0.8108, Train Acc: 69.84%
Epoch[165/200] Val Loss: 0.9366, Val Acc: 67.59%
No improvement for 11 epoch(s).
Epoch[166/200] Train Loss: 0.8116, Train Acc: 69.41%
Epoch[166/200] Val Loss: 0.9674, Val Acc: 64.00%
No improvement for 12 epoch(s).
Epoch[167/200] Train Loss: 0.8328, Train Acc: 68.92%
Epoch[167/200] Val Loss: 0.9485, Val Acc: 65.28%
No improvement for 13 epoch(s).
Epoch[168/200] Train Loss: 0.7901, Train Acc: 68.84%
Epoch[168/200] Val Loss: 0.9398, Val Acc: 65.86%
No improvement for 14 epoch(s).
Epoch[169/200] Train Loss: 0.8062, Train Acc: 69.23%
Epoch[169/200] Val Loss: 0.9254, Val Acc: 65.86%
No improvement for 15 epoch(s).
Epoch[170/200] Train Loss: 0.8173, Train Acc: 68.44%
Epoch[170/200] Val Loss: 0.9249, Val Acc: 65.16%
No improvement for 16 epoch(s).
Epoch[171/200] Train Loss: 0.8286, Train Acc: 69.19%
Epoch[171/200] Val Loss: 0.9482, Val Acc: 65.74%
No improvement for 17 epoch(s).
Epoch[172/200] Train Loss: 0.7963, Train Acc: 70.28%
Epoch[172/200] Val Loss: 0.9170, Val Acc: 65.74%
No improvement for 18 epoch(s).
Epoch[173/200] Train Loss: 0.8082, Train Acc: 69.71%
Epoch[173/200] Val Loss: 0.9283, Val Acc: 66.20%
No improvement for 19 epoch(s).
Epoch[174/200] Train Loss: 0.8062, Train Acc: 69.84%
Epoch[174/200] Val Loss: 0.9283, Val Acc: 65.05%
No improvement for 20 epoch(s).
Epoch[175/200] Train Loss: 0.8154, Train Acc: 69.89%
Epoch[175/200] Val Loss: 0.9380, Val Acc: 64.81%
No improvement for 21 epoch(s).
Epoch[176/200] Train Loss: 0.8224, Train Acc: 69.80%
Epoch[176/200] Val Loss: 0.9226, Val Acc: 67.01%
No improvement for 22 epoch(s).
Epoch[177/200] Train Loss: 0.8318, Train Acc: 68.75%
Epoch[177/200] Val Loss: 0.9326, Val Acc: 65.86%
No improvement for 23 epoch(s).
Epoch[178/200] Train Loss: 0.8278, Train Acc: 70.15%
Epoch[178/200] Val Loss: 0.9270, Val Acc: 66.20%
No improvement for 24 epoch(s).
Epoch[179/200] Train Loss: 0.8165, Train Acc: 69.80%
Epoch[179/200] Val Loss: 0.9258, Val Acc: 65.05%
No improvement for 25 epoch(s).
Epoch[180/200] Train Loss: 0.8047, Train Acc: 69.89%
Epoch[180/200] Val Loss: 0.9387, Val Acc: 65.62%
No improvement for 26 epoch(s).
Epoch[181/200] Train Loss: 0.7956, Train Acc: 71.77%
Epoch[181/200] Val Loss: 0.9425, Val Acc: 66.20%
No improvement for 27 epoch(s).
Epoch[182/200] Train Loss: 0.8272, Train Acc: 69.62%
Epoch[182/200] Val Loss: 0.9408, Val Acc: 65.86%
No improvement for 28 epoch(s).
Epoch[183/200] Train Loss: 0.7903, Train Acc: 71.63%
Epoch[183/200] Val Loss: 0.9274, Val Acc: 65.05%
No improvement for 29 epoch(s).
Epoch[184/200] Train Loss: 0.8052, Train Acc: 69.71%
Epoch[184/200] Val Loss: 0.9374, Val Acc: 64.93%
No improvement for 30 epoch(s).
Epoch[185/200] Train Loss: 0.8229, Train Acc: 69.36%
Epoch[185/200] Val Loss: 0.9382, Val Acc: 66.20%
No improvement for 31 epoch(s).
Epoch[186/200] Train Loss: 0.8035, Train Acc: 69.49%
Epoch[186/200] Val Loss: 0.9246, Val Acc: 66.32%
No improvement for 32 epoch(s).
Epoch[187/200] Train Loss: 0.8323, Train Acc: 69.62%
Epoch[187/200] Val Loss: 0.9239, Val Acc: 66.32%
No improvement for 33 epoch(s).
Epoch[188/200] Train Loss: 0.8339, Train Acc: 69.32%
Epoch[188/200] Val Loss: 0.9998, Val Acc: 61.69%
No improvement for 34 epoch(s).
Epoch[189/200] Train Loss: 0.8169, Train Acc: 69.10%
Epoch[189/200] Val Loss: 0.9560, Val Acc: 64.12%
No improvement for 35 epoch(s).
Epoch[190/200] Train Loss: 0.8051, Train Acc: 69.76%
Epoch[190/200] Val Loss: 0.9249, Val Acc: 65.62%
No improvement for 36 epoch(s).
Epoch[191/200] Train Loss: 0.7796, Train Acc: 71.15%
Epoch[191/200] Val Loss: 0.9250, Val Acc: 64.70%
No improvement for 37 epoch(s).
Epoch[192/200] Train Loss: 0.8226, Train Acc: 69.19%
Epoch[192/200] Val Loss: 0.9187, Val Acc: 66.90%
No improvement for 38 epoch(s).
Epoch[193/200] Train Loss: 0.8098, Train Acc: 69.84%
Epoch[193/200] Val Loss: 0.9305, Val Acc: 65.51%
No improvement for 39 epoch(s).
Epoch[194/200] Train Loss: 0.8072, Train Acc: 69.45%
Epoch[194/200] Val Loss: 0.9351, Val Acc: 66.44%
No improvement for 40 epoch(s).
Epoch[195/200] Train Loss: 0.7941, Train Acc: 69.23%
Epoch[195/200] Val Loss: 0.9294, Val Acc: 65.16%
No improvement for 41 epoch(s).
Epoch[196/200] Train Loss: 0.8271, Train Acc: 69.27%
Epoch[196/200] Val Loss: 0.9311, Val Acc: 65.05%
No improvement for 42 epoch(s).
Epoch[197/200] Train Loss: 0.8278, Train Acc: 70.02%
Epoch[197/200] Val Loss: 0.9190, Val Acc: 65.62%
No improvement for 43 epoch(s).
Epoch[198/200] Train Loss: 0.8007, Train Acc: 70.37%
Epoch[198/200] Val Loss: 0.9202, Val Acc: 65.86%
No improvement for 44 epoch(s).
Epoch[199/200] Train Loss: 0.7948, Train Acc: 70.67%
Epoch[199/200] Val Loss: 0.9104, Val Acc: 65.51%
No improvement for 45 epoch(s).
Epoch[200/200] Train Loss: 0.7883, Train Acc: 71.33%
Epoch[200/200] Val Loss: 0.9325, Val Acc: 64.47%
No improvement for 46 epoch(s).
Saved checkpoint: /media/icnlab/Data/Thang/plan_dieases/vit_xai/checkpoints/plantdoc/mobileplantvit/run_20251212-003007/last_checkpoint.pth
Training finished. Best val acc: 67.5926 at epoch 154
Saved training plot to /media/icnlab/Data/Thang/plan_dieases/vit_xai/checkpoints/plantdoc/mobileplantvit/run_20251212-003007/loss_acc_plot.png
