Epoch[1/200] Train Loss: 2.5555, Train Acc: 28.81%
Epoch[1/200] Val Loss: 2.0505, Val Acc: 30.65%
Validation accuracy improved (-inf -> 30.6548).
Saved checkpoint: /media/icnlab/Data/Thang/plan_dieases/vit_xai/checkpoints/plantdoc/mobilenetv3_small/run_20251212-142210/best_checkpoint.pth
Epoch[2/200] Train Loss: 1.7927, Train Acc: 36.76%
Epoch[2/200] Val Loss: 1.8185, Val Acc: 36.83%
Validation accuracy improved (30.6548 -> 36.8304).
Saved checkpoint: /media/icnlab/Data/Thang/plan_dieases/vit_xai/checkpoints/plantdoc/mobilenetv3_small/run_20251212-142210/best_checkpoint.pth
Epoch[3/200] Train Loss: 1.7352, Train Acc: 41.86%
Epoch[3/200] Val Loss: 1.6092, Val Acc: 45.05%
Validation accuracy improved (36.8304 -> 45.0521).
Saved checkpoint: /media/icnlab/Data/Thang/plan_dieases/vit_xai/checkpoints/plantdoc/mobilenetv3_small/run_20251212-142210/best_checkpoint.pth
Epoch[4/200] Train Loss: 1.5655, Train Acc: 43.87%
Epoch[4/200] Val Loss: 1.5225, Val Acc: 49.00%
Validation accuracy improved (45.0521 -> 48.9955).
Saved checkpoint: /media/icnlab/Data/Thang/plan_dieases/vit_xai/checkpoints/plantdoc/mobilenetv3_small/run_20251212-142210/best_checkpoint.pth
Epoch[5/200] Train Loss: 1.5277, Train Acc: 46.53%
Epoch[5/200] Val Loss: 1.5035, Val Acc: 49.93%
Validation accuracy improved (48.9955 -> 49.9256).
Saved checkpoint: /media/icnlab/Data/Thang/plan_dieases/vit_xai/checkpoints/plantdoc/mobilenetv3_small/run_20251212-142210/best_checkpoint.pth
Epoch[6/200] Train Loss: 1.5709, Train Acc: 45.73%
Epoch[6/200] Val Loss: 1.5105, Val Acc: 48.33%
No improvement for 1 epoch(s).
Epoch[7/200] Train Loss: 1.4288, Train Acc: 49.84%
Epoch[7/200] Val Loss: 1.4424, Val Acc: 48.85%
No improvement for 2 epoch(s).
Epoch[8/200] Train Loss: 1.3919, Train Acc: 50.92%
Epoch[8/200] Val Loss: 1.4314, Val Acc: 50.56%
Validation accuracy improved (49.9256 -> 50.5580).
Saved checkpoint: /media/icnlab/Data/Thang/plan_dieases/vit_xai/checkpoints/plantdoc/mobilenetv3_small/run_20251212-142210/best_checkpoint.pth
Epoch[9/200] Train Loss: 1.3753, Train Acc: 50.79%
Epoch[9/200] Val Loss: 1.5152, Val Acc: 48.59%
No improvement for 1 epoch(s).
Epoch[10/200] Train Loss: 1.4006, Train Acc: 51.03%
Epoch[10/200] Val Loss: 1.4078, Val Acc: 50.19%
No improvement for 2 epoch(s).
Epoch[11/200] Train Loss: 1.3388, Train Acc: 52.38%
Epoch[11/200] Val Loss: 1.3567, Val Acc: 52.01%
Validation accuracy improved (50.5580 -> 52.0089).
Saved checkpoint: /media/icnlab/Data/Thang/plan_dieases/vit_xai/checkpoints/plantdoc/mobilenetv3_small/run_20251212-142210/best_checkpoint.pth
Epoch[12/200] Train Loss: 1.2980, Train Acc: 54.01%
Epoch[12/200] Val Loss: 1.3841, Val Acc: 53.31%
Validation accuracy improved (52.0089 -> 53.3110).
Saved checkpoint: /media/icnlab/Data/Thang/plan_dieases/vit_xai/checkpoints/plantdoc/mobilenetv3_small/run_20251212-142210/best_checkpoint.pth
Epoch[13/200] Train Loss: 1.4478, Train Acc: 54.14%
Epoch[13/200] Val Loss: 1.4199, Val Acc: 53.05%
No improvement for 1 epoch(s).
Epoch[14/200] Train Loss: 1.2604, Train Acc: 55.96%
Epoch[14/200] Val Loss: 1.4278, Val Acc: 50.41%
No improvement for 2 epoch(s).
Epoch[15/200] Train Loss: 1.2803, Train Acc: 56.42%
Epoch[15/200] Val Loss: 1.3828, Val Acc: 53.98%
Validation accuracy improved (53.3110 -> 53.9807).
Saved checkpoint: /media/icnlab/Data/Thang/plan_dieases/vit_xai/checkpoints/plantdoc/mobilenetv3_small/run_20251212-142210/best_checkpoint.pth
Epoch[16/200] Train Loss: 1.2671, Train Acc: 54.41%
Epoch[16/200] Val Loss: 1.3855, Val Acc: 51.45%
No improvement for 1 epoch(s).
Epoch[17/200] Train Loss: 1.4310, Train Acc: 55.53%
Epoch[17/200] Val Loss: 1.3542, Val Acc: 51.08%
No improvement for 2 epoch(s).
Epoch[18/200] Train Loss: 1.2392, Train Acc: 56.88%
Epoch[18/200] Val Loss: 1.3014, Val Acc: 56.47%
Validation accuracy improved (53.9807 -> 56.4732).
Saved checkpoint: /media/icnlab/Data/Thang/plan_dieases/vit_xai/checkpoints/plantdoc/mobilenetv3_small/run_20251212-142210/best_checkpoint.pth
Epoch[19/200] Train Loss: 1.1864, Train Acc: 58.46%
Epoch[19/200] Val Loss: 1.3238, Val Acc: 54.35%
No improvement for 1 epoch(s).
Epoch[20/200] Train Loss: 1.1448, Train Acc: 58.67%
Epoch[20/200] Val Loss: 1.3142, Val Acc: 52.49%
No improvement for 2 epoch(s).
Epoch[21/200] Train Loss: 1.1297, Train Acc: 59.69%
Epoch[21/200] Val Loss: 1.2823, Val Acc: 54.20%
No improvement for 3 epoch(s).
Epoch[22/200] Train Loss: 1.1228, Train Acc: 60.36%
Epoch[22/200] Val Loss: 1.3479, Val Acc: 55.39%
No improvement for 4 epoch(s).
Epoch[23/200] Train Loss: 1.1657, Train Acc: 59.12%
Epoch[23/200] Val Loss: 1.3038, Val Acc: 53.68%
No improvement for 5 epoch(s).
Epoch[24/200] Train Loss: 1.1301, Train Acc: 60.65%
Epoch[24/200] Val Loss: 1.3048, Val Acc: 55.92%
No improvement for 6 epoch(s).
Epoch[25/200] Train Loss: 1.0763, Train Acc: 62.43%
Epoch[25/200] Val Loss: 1.3354, Val Acc: 56.85%
Validation accuracy improved (56.4732 -> 56.8452).
Saved checkpoint: /media/icnlab/Data/Thang/plan_dieases/vit_xai/checkpoints/plantdoc/mobilenetv3_small/run_20251212-142210/best_checkpoint.pth
Epoch[26/200] Train Loss: 1.0535, Train Acc: 62.63%
Epoch[26/200] Val Loss: 1.2713, Val Acc: 53.83%
No improvement for 1 epoch(s).
Epoch[27/200] Train Loss: 1.0189, Train Acc: 63.85%
Epoch[27/200] Val Loss: 1.2871, Val Acc: 51.45%
No improvement for 2 epoch(s).
Epoch[28/200] Train Loss: 1.0456, Train Acc: 61.57%
Epoch[28/200] Val Loss: 1.2448, Val Acc: 57.11%
Validation accuracy improved (56.8452 -> 57.1057).
Saved checkpoint: /media/icnlab/Data/Thang/plan_dieases/vit_xai/checkpoints/plantdoc/mobilenetv3_small/run_20251212-142210/best_checkpoint.pth
Epoch[29/200] Train Loss: 1.0644, Train Acc: 62.35%
Epoch[29/200] Val Loss: 1.2021, Val Acc: 57.89%
Validation accuracy improved (57.1057 -> 57.8869).
Saved checkpoint: /media/icnlab/Data/Thang/plan_dieases/vit_xai/checkpoints/plantdoc/mobilenetv3_small/run_20251212-142210/best_checkpoint.pth
Epoch[30/200] Train Loss: 0.9812, Train Acc: 64.53%
Epoch[30/200] Val Loss: 1.2066, Val Acc: 56.70%
No improvement for 1 epoch(s).
Epoch[31/200] Train Loss: 0.9778, Train Acc: 66.04%
Epoch[31/200] Val Loss: 1.2625, Val Acc: 59.71%
Validation accuracy improved (57.8869 -> 59.7098).
Saved checkpoint: /media/icnlab/Data/Thang/plan_dieases/vit_xai/checkpoints/plantdoc/mobilenetv3_small/run_20251212-142210/best_checkpoint.pth
Epoch[32/200] Train Loss: 0.9661, Train Acc: 65.48%
Epoch[32/200] Val Loss: 1.2134, Val Acc: 56.70%
No improvement for 1 epoch(s).
Epoch[33/200] Train Loss: 0.9656, Train Acc: 65.71%
Epoch[33/200] Val Loss: 1.2551, Val Acc: 58.52%
No improvement for 2 epoch(s).
Epoch[34/200] Train Loss: 0.9105, Train Acc: 67.87%
Epoch[34/200] Val Loss: 1.2059, Val Acc: 59.45%
No improvement for 3 epoch(s).
Epoch[35/200] Train Loss: 0.9033, Train Acc: 67.40%
Epoch[35/200] Val Loss: 1.2110, Val Acc: 60.38%
Validation accuracy improved (59.7098 -> 60.3795).
Saved checkpoint: /media/icnlab/Data/Thang/plan_dieases/vit_xai/checkpoints/plantdoc/mobilenetv3_small/run_20251212-142210/best_checkpoint.pth
Epoch[36/200] Train Loss: 0.9177, Train Acc: 66.96%
Epoch[36/200] Val Loss: 1.1987, Val Acc: 57.48%
No improvement for 1 epoch(s).
Epoch[37/200] Train Loss: 0.8908, Train Acc: 67.16%
Epoch[37/200] Val Loss: 1.2501, Val Acc: 57.89%
No improvement for 2 epoch(s).
Epoch[38/200] Train Loss: 0.8747, Train Acc: 69.24%
Epoch[38/200] Val Loss: 1.1685, Val Acc: 59.97%
No improvement for 3 epoch(s).
Epoch[39/200] Train Loss: 0.8620, Train Acc: 69.02%
Epoch[39/200] Val Loss: 1.2770, Val Acc: 59.45%
No improvement for 4 epoch(s).
Epoch[40/200] Train Loss: 0.8748, Train Acc: 69.00%
Epoch[40/200] Val Loss: 1.2306, Val Acc: 59.30%
No improvement for 5 epoch(s).
Epoch[41/200] Train Loss: 0.8304, Train Acc: 69.51%
Epoch[41/200] Val Loss: 1.2133, Val Acc: 58.52%
No improvement for 6 epoch(s).
Epoch[42/200] Train Loss: 0.8397, Train Acc: 69.57%
Epoch[42/200] Val Loss: 1.1505, Val Acc: 62.87%
Validation accuracy improved (60.3795 -> 62.8720).
Saved checkpoint: /media/icnlab/Data/Thang/plan_dieases/vit_xai/checkpoints/plantdoc/mobilenetv3_small/run_20251212-142210/best_checkpoint.pth
Epoch[43/200] Train Loss: 0.8756, Train Acc: 68.32%
Epoch[43/200] Val Loss: 1.2071, Val Acc: 62.20%
No improvement for 1 epoch(s).
Epoch[44/200] Train Loss: 0.8643, Train Acc: 69.08%
Epoch[44/200] Val Loss: 1.1999, Val Acc: 60.49%
No improvement for 2 epoch(s).
Epoch[45/200] Train Loss: 0.8022, Train Acc: 71.04%
Epoch[45/200] Val Loss: 1.2253, Val Acc: 59.97%
No improvement for 3 epoch(s).
Epoch[46/200] Train Loss: 0.8239, Train Acc: 69.86%
Epoch[46/200] Val Loss: 1.2744, Val Acc: 60.64%
No improvement for 4 epoch(s).
Epoch[47/200] Train Loss: 0.7926, Train Acc: 71.72%
Epoch[47/200] Val Loss: 1.2333, Val Acc: 53.91%
No improvement for 5 epoch(s).
Epoch[48/200] Train Loss: 0.7956, Train Acc: 72.33%
Epoch[48/200] Val Loss: 1.1917, Val Acc: 61.53%
No improvement for 6 epoch(s).
Epoch[49/200] Train Loss: 0.7375, Train Acc: 73.72%
Epoch[49/200] Val Loss: 1.2911, Val Acc: 59.04%
No improvement for 7 epoch(s).
Epoch[50/200] Train Loss: 0.7515, Train Acc: 72.16%
Epoch[50/200] Val Loss: 1.3047, Val Acc: 60.08%
No improvement for 8 epoch(s).
Epoch[51/200] Train Loss: 0.7649, Train Acc: 72.75%
Epoch[51/200] Val Loss: 1.2255, Val Acc: 57.85%
No improvement for 9 epoch(s).
Epoch[52/200] Train Loss: 0.7394, Train Acc: 73.03%
Epoch[52/200] Val Loss: 1.2235, Val Acc: 58.85%
No improvement for 10 epoch(s).
Epoch[53/200] Train Loss: 0.7567, Train Acc: 71.98%
Epoch[53/200] Val Loss: 1.1468, Val Acc: 62.57%
No improvement for 11 epoch(s).
Epoch[54/200] Train Loss: 0.6767, Train Acc: 75.09%
Epoch[54/200] Val Loss: 1.1229, Val Acc: 64.81%
Validation accuracy improved (62.8720 -> 64.8065).
Saved checkpoint: /media/icnlab/Data/Thang/plan_dieases/vit_xai/checkpoints/plantdoc/mobilenetv3_small/run_20251212-142210/best_checkpoint.pth
Epoch[55/200] Train Loss: 0.6138, Train Acc: 77.72%
Epoch[55/200] Val Loss: 1.1805, Val Acc: 64.81%
No improvement for 1 epoch(s).
Epoch[56/200] Train Loss: 0.6250, Train Acc: 76.52%
Epoch[56/200] Val Loss: 1.1656, Val Acc: 66.26%
Validation accuracy improved (64.8065 -> 66.2574).
Saved checkpoint: /media/icnlab/Data/Thang/plan_dieases/vit_xai/checkpoints/plantdoc/mobilenetv3_small/run_20251212-142210/best_checkpoint.pth
Epoch[57/200] Train Loss: 0.6492, Train Acc: 76.12%
Epoch[57/200] Val Loss: 1.1384, Val Acc: 66.26%
No improvement for 1 epoch(s).
Epoch[58/200] Train Loss: 0.6074, Train Acc: 78.58%
Epoch[58/200] Val Loss: 1.1160, Val Acc: 65.07%
No improvement for 2 epoch(s).
Epoch[59/200] Train Loss: 0.5820, Train Acc: 79.10%
Epoch[59/200] Val Loss: 1.2298, Val Acc: 61.01%
No improvement for 3 epoch(s).
Epoch[60/200] Train Loss: 0.5882, Train Acc: 78.69%
Epoch[60/200] Val Loss: 1.1432, Val Acc: 61.38%
No improvement for 4 epoch(s).
Epoch[61/200] Train Loss: 0.5778, Train Acc: 78.64%
Epoch[61/200] Val Loss: 1.1711, Val Acc: 63.62%
No improvement for 5 epoch(s).
Epoch[62/200] Train Loss: 0.5537, Train Acc: 80.07%
Epoch[62/200] Val Loss: 1.1405, Val Acc: 67.45%
Validation accuracy improved (66.2574 -> 67.4479).
Saved checkpoint: /media/icnlab/Data/Thang/plan_dieases/vit_xai/checkpoints/plantdoc/mobilenetv3_small/run_20251212-142210/best_checkpoint.pth
Epoch[63/200] Train Loss: 0.5306, Train Acc: 81.07%
Epoch[63/200] Val Loss: 1.2579, Val Acc: 62.72%
No improvement for 1 epoch(s).
Epoch[64/200] Train Loss: 0.5423, Train Acc: 80.32%
Epoch[64/200] Val Loss: 1.1014, Val Acc: 68.08%
Validation accuracy improved (67.4479 -> 68.0804).
Saved checkpoint: /media/icnlab/Data/Thang/plan_dieases/vit_xai/checkpoints/plantdoc/mobilenetv3_small/run_20251212-142210/best_checkpoint.pth
Epoch[65/200] Train Loss: 0.5544, Train Acc: 79.39%
Epoch[65/200] Val Loss: 1.1499, Val Acc: 64.14%
No improvement for 1 epoch(s).
Epoch[66/200] Train Loss: 0.5378, Train Acc: 79.98%
Epoch[66/200] Val Loss: 1.1790, Val Acc: 64.96%
No improvement for 2 epoch(s).
Epoch[67/200] Train Loss: 0.5331, Train Acc: 80.29%
Epoch[67/200] Val Loss: 1.1533, Val Acc: 64.55%
No improvement for 3 epoch(s).
Epoch[68/200] Train Loss: 0.5370, Train Acc: 80.66%
Epoch[68/200] Val Loss: 1.2618, Val Acc: 66.52%
No improvement for 4 epoch(s).
Epoch[69/200] Train Loss: 0.5236, Train Acc: 81.30%
Epoch[69/200] Val Loss: 1.2132, Val Acc: 64.29%
No improvement for 5 epoch(s).
Epoch[70/200] Train Loss: 0.5445, Train Acc: 80.39%
Epoch[70/200] Val Loss: 1.2170, Val Acc: 64.81%
No improvement for 6 epoch(s).
Epoch[71/200] Train Loss: 0.5325, Train Acc: 80.35%
Epoch[71/200] Val Loss: 1.0989, Val Acc: 68.34%
Validation accuracy improved (68.0804 -> 68.3408).
Saved checkpoint: /media/icnlab/Data/Thang/plan_dieases/vit_xai/checkpoints/plantdoc/mobilenetv3_small/run_20251212-142210/best_checkpoint.pth
Epoch[72/200] Train Loss: 0.4682, Train Acc: 83.00%
Epoch[72/200] Val Loss: 1.2843, Val Acc: 64.03%
No improvement for 1 epoch(s).
Epoch[73/200] Train Loss: 0.5022, Train Acc: 81.72%
Epoch[73/200] Val Loss: 1.2082, Val Acc: 66.78%
No improvement for 2 epoch(s).
Epoch[74/200] Train Loss: 0.5280, Train Acc: 80.28%
Epoch[74/200] Val Loss: 1.1383, Val Acc: 66.48%
No improvement for 3 epoch(s).
Epoch[75/200] Train Loss: 0.5030, Train Acc: 82.10%
Epoch[75/200] Val Loss: 1.1632, Val Acc: 66.48%
No improvement for 4 epoch(s).
Epoch[76/200] Train Loss: 0.4643, Train Acc: 83.74%
Epoch[76/200] Val Loss: 1.1573, Val Acc: 63.88%
No improvement for 5 epoch(s).
Epoch[77/200] Train Loss: 0.4772, Train Acc: 82.57%
Epoch[77/200] Val Loss: 1.1945, Val Acc: 62.69%
No improvement for 6 epoch(s).
Epoch[78/200] Train Loss: 0.4898, Train Acc: 82.54%
Epoch[78/200] Val Loss: 1.2328, Val Acc: 66.11%
No improvement for 7 epoch(s).
Epoch[79/200] Train Loss: 0.4611, Train Acc: 83.56%
Epoch[79/200] Val Loss: 1.1531, Val Acc: 67.56%
No improvement for 8 epoch(s).
Epoch[80/200] Train Loss: 0.4451, Train Acc: 84.35%
Epoch[80/200] Val Loss: 1.1309, Val Acc: 67.04%
No improvement for 9 epoch(s).
Epoch[81/200] Train Loss: 0.4573, Train Acc: 83.42%
Epoch[81/200] Val Loss: 1.1698, Val Acc: 63.21%
No improvement for 10 epoch(s).
Epoch[82/200] Train Loss: 0.4225, Train Acc: 84.47%
Epoch[82/200] Val Loss: 1.1810, Val Acc: 65.33%
No improvement for 11 epoch(s).
Epoch[83/200] Train Loss: 0.4079, Train Acc: 85.83%
Epoch[83/200] Val Loss: 1.1394, Val Acc: 69.27%
Validation accuracy improved (68.3408 -> 69.2708).
Saved checkpoint: /media/icnlab/Data/Thang/plan_dieases/vit_xai/checkpoints/plantdoc/mobilenetv3_small/run_20251212-142210/best_checkpoint.pth
Epoch[84/200] Train Loss: 0.4050, Train Acc: 85.03%
Epoch[84/200] Val Loss: 1.1545, Val Acc: 66.89%
No improvement for 1 epoch(s).
Epoch[85/200] Train Loss: 0.3823, Train Acc: 85.66%
Epoch[85/200] Val Loss: 1.1309, Val Acc: 68.34%
No improvement for 2 epoch(s).
Epoch[86/200] Train Loss: 0.3599, Train Acc: 86.76%
Epoch[86/200] Val Loss: 1.1345, Val Acc: 68.75%
No improvement for 3 epoch(s).
Epoch[87/200] Train Loss: 0.3480, Train Acc: 87.36%
Epoch[87/200] Val Loss: 1.1936, Val Acc: 65.59%
No improvement for 4 epoch(s).
Epoch[88/200] Train Loss: 0.3629, Train Acc: 87.14%
Epoch[88/200] Val Loss: 1.2133, Val Acc: 66.89%
No improvement for 5 epoch(s).
Epoch[89/200] Train Loss: 0.3469, Train Acc: 87.84%
Epoch[89/200] Val Loss: 1.1584, Val Acc: 68.60%
No improvement for 6 epoch(s).
Epoch[90/200] Train Loss: 0.3422, Train Acc: 88.02%
Epoch[90/200] Val Loss: 1.1956, Val Acc: 65.85%
No improvement for 7 epoch(s).
Epoch[91/200] Train Loss: 0.3344, Train Acc: 87.85%
Epoch[91/200] Val Loss: 1.2104, Val Acc: 65.85%
No improvement for 8 epoch(s).
Epoch[92/200] Train Loss: 0.3271, Train Acc: 88.01%
Epoch[92/200] Val Loss: 1.2089, Val Acc: 70.57%
Validation accuracy improved (69.2708 -> 70.5729).
Saved checkpoint: /media/icnlab/Data/Thang/plan_dieases/vit_xai/checkpoints/plantdoc/mobilenetv3_small/run_20251212-142210/best_checkpoint.pth
Epoch[93/200] Train Loss: 0.3493, Train Acc: 87.20%
Epoch[93/200] Val Loss: 1.2132, Val Acc: 66.78%
No improvement for 1 epoch(s).
Epoch[94/200] Train Loss: 0.3344, Train Acc: 87.60%
Epoch[94/200] Val Loss: 1.1425, Val Acc: 68.75%
No improvement for 2 epoch(s).
Epoch[95/200] Train Loss: 0.3334, Train Acc: 87.95%
Epoch[95/200] Val Loss: 1.1995, Val Acc: 68.86%
No improvement for 3 epoch(s).
Epoch[96/200] Train Loss: 0.3452, Train Acc: 87.44%
Epoch[96/200] Val Loss: 1.3059, Val Acc: 64.92%
No improvement for 4 epoch(s).
Epoch[97/200] Train Loss: 0.3238, Train Acc: 88.70%
Epoch[97/200] Val Loss: 1.2223, Val Acc: 66.00%
No improvement for 5 epoch(s).
Epoch[98/200] Train Loss: 0.3187, Train Acc: 89.73%
Epoch[98/200] Val Loss: 1.2959, Val Acc: 66.89%
No improvement for 6 epoch(s).
Epoch[99/200] Train Loss: 0.3210, Train Acc: 89.28%
Epoch[99/200] Val Loss: 1.2658, Val Acc: 67.04%
No improvement for 7 epoch(s).
Epoch[100/200] Train Loss: 0.3036, Train Acc: 89.28%
Epoch[100/200] Val Loss: 1.2609, Val Acc: 66.63%
No improvement for 8 epoch(s).
Epoch[101/200] Train Loss: 0.3473, Train Acc: 87.33%
Epoch[101/200] Val Loss: 1.2617, Val Acc: 67.56%
No improvement for 9 epoch(s).
Epoch[102/200] Train Loss: 0.3091, Train Acc: 89.43%
Epoch[102/200] Val Loss: 1.3321, Val Acc: 65.33%
No improvement for 10 epoch(s).
Epoch[103/200] Train Loss: 0.3019, Train Acc: 89.60%
Epoch[103/200] Val Loss: 1.2266, Val Acc: 66.63%
No improvement for 11 epoch(s).
Epoch[104/200] Train Loss: 0.2796, Train Acc: 90.07%
Epoch[104/200] Val Loss: 1.2509, Val Acc: 68.34%
No improvement for 12 epoch(s).
Epoch[105/200] Train Loss: 0.2622, Train Acc: 90.71%
Epoch[105/200] Val Loss: 1.2126, Val Acc: 68.60%
No improvement for 13 epoch(s).
Epoch[106/200] Train Loss: 0.2800, Train Acc: 89.66%
Epoch[106/200] Val Loss: 1.2605, Val Acc: 67.41%
No improvement for 14 epoch(s).
Epoch[107/200] Train Loss: 0.2639, Train Acc: 90.11%
Epoch[107/200] Val Loss: 1.2759, Val Acc: 66.37%
No improvement for 15 epoch(s).
Epoch[108/200] Train Loss: 0.2807, Train Acc: 91.20%
Epoch[108/200] Val Loss: 1.2618, Val Acc: 67.15%
No improvement for 16 epoch(s).
Epoch[109/200] Train Loss: 0.2815, Train Acc: 90.00%
Epoch[109/200] Val Loss: 1.2760, Val Acc: 66.63%
No improvement for 17 epoch(s).
Epoch[110/200] Train Loss: 0.2589, Train Acc: 90.22%
Epoch[110/200] Val Loss: 1.2329, Val Acc: 68.19%
No improvement for 18 epoch(s).
Epoch[111/200] Train Loss: 0.2539, Train Acc: 90.91%
Epoch[111/200] Val Loss: 1.2927, Val Acc: 68.08%
No improvement for 19 epoch(s).
Epoch[112/200] Train Loss: 0.2531, Train Acc: 91.35%
Epoch[112/200] Val Loss: 1.3024, Val Acc: 67.30%
No improvement for 20 epoch(s).
Epoch[113/200] Train Loss: 0.2869, Train Acc: 89.26%
Epoch[113/200] Val Loss: 1.2931, Val Acc: 66.63%
No improvement for 21 epoch(s).
Epoch[114/200] Train Loss: 0.2882, Train Acc: 90.06%
Epoch[114/200] Val Loss: 1.3432, Val Acc: 66.37%
No improvement for 22 epoch(s).
Epoch[115/200] Train Loss: 0.2543, Train Acc: 90.43%
Epoch[115/200] Val Loss: 1.2872, Val Acc: 68.19%
No improvement for 23 epoch(s).
Epoch[116/200] Train Loss: 0.2386, Train Acc: 91.37%
Epoch[116/200] Val Loss: 1.3210, Val Acc: 67.15%
No improvement for 24 epoch(s).
Epoch[117/200] Train Loss: 0.2665, Train Acc: 90.11%
Epoch[117/200] Val Loss: 1.3417, Val Acc: 67.15%
No improvement for 25 epoch(s).
Epoch[118/200] Train Loss: 0.2393, Train Acc: 92.05%
Epoch[118/200] Val Loss: 1.3306, Val Acc: 67.15%
No improvement for 26 epoch(s).
Epoch[119/200] Train Loss: 0.2135, Train Acc: 92.49%
Epoch[119/200] Val Loss: 1.3258, Val Acc: 67.41%
No improvement for 27 epoch(s).
Epoch[120/200] Train Loss: 0.2509, Train Acc: 91.40%
Epoch[120/200] Val Loss: 1.3230, Val Acc: 67.41%
No improvement for 28 epoch(s).
Epoch[121/200] Train Loss: 0.2318, Train Acc: 91.46%
Epoch[121/200] Val Loss: 1.3233, Val Acc: 67.67%
No improvement for 29 epoch(s).
Epoch[122/200] Train Loss: 0.2238, Train Acc: 91.52%
Epoch[122/200] Val Loss: 1.3334, Val Acc: 67.15%
No improvement for 30 epoch(s).
Epoch[123/200] Train Loss: 0.2310, Train Acc: 91.76%
Epoch[123/200] Val Loss: 1.3285, Val Acc: 67.67%
No improvement for 31 epoch(s).
Epoch[124/200] Train Loss: 0.2580, Train Acc: 90.83%
Epoch[124/200] Val Loss: 1.3759, Val Acc: 66.89%
No improvement for 32 epoch(s).
Epoch[125/200] Train Loss: 0.2403, Train Acc: 91.50%
Epoch[125/200] Val Loss: 1.3341, Val Acc: 67.41%
No improvement for 33 epoch(s).
Epoch[126/200] Train Loss: 0.2215, Train Acc: 92.39%
Epoch[126/200] Val Loss: 1.3262, Val Acc: 67.41%
No improvement for 34 epoch(s).
Epoch[127/200] Train Loss: 0.2240, Train Acc: 92.07%
Epoch[127/200] Val Loss: 1.3371, Val Acc: 67.41%
No improvement for 35 epoch(s).
Epoch[128/200] Train Loss: 0.2423, Train Acc: 91.27%
Epoch[128/200] Val Loss: 1.3193, Val Acc: 68.19%
No improvement for 36 epoch(s).
Epoch[129/200] Train Loss: 0.2324, Train Acc: 91.41%
Epoch[129/200] Val Loss: 1.3229, Val Acc: 67.15%
No improvement for 37 epoch(s).
Epoch[130/200] Train Loss: 0.2180, Train Acc: 92.07%
Epoch[130/200] Val Loss: 1.3305, Val Acc: 67.67%
No improvement for 38 epoch(s).
Epoch[131/200] Train Loss: 0.2199, Train Acc: 92.46%
Epoch[131/200] Val Loss: 1.3208, Val Acc: 67.93%
No improvement for 39 epoch(s).
Epoch[132/200] Train Loss: 0.2142, Train Acc: 92.28%
Epoch[132/200] Val Loss: 1.3278, Val Acc: 67.93%
No improvement for 40 epoch(s).
Epoch[133/200] Train Loss: 0.2296, Train Acc: 91.99%
Epoch[133/200] Val Loss: 1.3343, Val Acc: 67.41%
No improvement for 41 epoch(s).
Epoch[134/200] Train Loss: 0.2355, Train Acc: 91.71%
Epoch[134/200] Val Loss: 1.3102, Val Acc: 67.93%
No improvement for 42 epoch(s).
Epoch[135/200] Train Loss: 0.2186, Train Acc: 92.32%
Epoch[135/200] Val Loss: 1.3226, Val Acc: 67.93%
No improvement for 43 epoch(s).
Epoch[136/200] Train Loss: 0.2005, Train Acc: 93.02%
Epoch[136/200] Val Loss: 1.3223, Val Acc: 67.41%
No improvement for 44 epoch(s).
Epoch[137/200] Train Loss: 0.2157, Train Acc: 92.21%
Epoch[137/200] Val Loss: 1.3387, Val Acc: 67.15%
No improvement for 45 epoch(s).
Epoch[138/200] Train Loss: 0.2042, Train Acc: 92.93%
Epoch[138/200] Val Loss: 1.3346, Val Acc: 67.41%
No improvement for 46 epoch(s).
Epoch[139/200] Train Loss: 0.2033, Train Acc: 93.49%
Epoch[139/200] Val Loss: 1.3216, Val Acc: 67.93%
No improvement for 47 epoch(s).
Epoch[140/200] Train Loss: 0.2280, Train Acc: 92.27%
Epoch[140/200] Val Loss: 1.3340, Val Acc: 67.15%
No improvement for 48 epoch(s).
Epoch[141/200] Train Loss: 0.2331, Train Acc: 92.24%
Epoch[141/200] Val Loss: 1.3346, Val Acc: 67.41%
No improvement for 49 epoch(s).
Epoch[142/200] Train Loss: 0.2092, Train Acc: 93.53%
Epoch[142/200] Val Loss: 1.3274, Val Acc: 67.67%
No improvement for 50 epoch(s).
Early stopping triggered. No improvement in validation acc for 50 epochs.
Saved checkpoint: /media/icnlab/Data/Thang/plan_dieases/vit_xai/checkpoints/plantdoc/mobilenetv3_small/run_20251212-142210/last_checkpoint.pth
Training finished. Best val acc: 70.5729 at epoch 92
Saved training plot to /media/icnlab/Data/Thang/plan_dieases/vit_xai/checkpoints/plantdoc/mobilenetv3_small/run_20251212-142210/loss_acc_plot.png
