Epoch[1/200] Train Loss: 1.7960, Train Acc: 35.35%
Epoch[1/200] Val Loss: 2.2667, Val Acc: 27.90%
Validation accuracy improved (-inf -> 27.9018).
Saved checkpoint: /media/icnlab/Data/Thang/plan_dieases/vit_xai/checkpoints/plantdoc/mobileplantvit/run_20251212-203952/best_checkpoint.pth
Epoch[2/200] Train Loss: 1.5909, Train Acc: 44.11%
Epoch[2/200] Val Loss: 2.0089, Val Acc: 30.80%
Validation accuracy improved (27.9018 -> 30.8036).
Saved checkpoint: /media/icnlab/Data/Thang/plan_dieases/vit_xai/checkpoints/plantdoc/mobileplantvit/run_20251212-203952/best_checkpoint.pth
Epoch[3/200] Train Loss: 1.4513, Train Acc: 48.79%
Epoch[3/200] Val Loss: 1.5692, Val Acc: 42.81%
Validation accuracy improved (30.8036 -> 42.8125).
Saved checkpoint: /media/icnlab/Data/Thang/plan_dieases/vit_xai/checkpoints/plantdoc/mobileplantvit/run_20251212-203952/best_checkpoint.pth
Epoch[4/200] Train Loss: 1.3214, Train Acc: 54.30%
Epoch[4/200] Val Loss: 1.4680, Val Acc: 52.46%
Validation accuracy improved (42.8125 -> 52.4554).
Saved checkpoint: /media/icnlab/Data/Thang/plan_dieases/vit_xai/checkpoints/plantdoc/mobileplantvit/run_20251212-203952/best_checkpoint.pth
Epoch[5/200] Train Loss: 1.3076, Train Acc: 54.16%
Epoch[5/200] Val Loss: 1.5333, Val Acc: 49.78%
No improvement for 1 epoch(s).
Epoch[6/200] Train Loss: 1.2404, Train Acc: 56.89%
Epoch[6/200] Val Loss: 1.3891, Val Acc: 50.80%
No improvement for 2 epoch(s).
Epoch[7/200] Train Loss: 1.2162, Train Acc: 58.23%
Epoch[7/200] Val Loss: 1.4581, Val Acc: 52.14%
No improvement for 3 epoch(s).
Epoch[8/200] Train Loss: 1.1701, Train Acc: 58.98%
Epoch[8/200] Val Loss: 1.3135, Val Acc: 56.43%
Validation accuracy improved (52.4554 -> 56.4286).
Saved checkpoint: /media/icnlab/Data/Thang/plan_dieases/vit_xai/checkpoints/plantdoc/mobileplantvit/run_20251212-203952/best_checkpoint.pth
Epoch[9/200] Train Loss: 1.1385, Train Acc: 59.28%
Epoch[9/200] Val Loss: 1.3287, Val Acc: 54.15%
No improvement for 1 epoch(s).
Epoch[10/200] Train Loss: 1.1382, Train Acc: 59.15%
Epoch[10/200] Val Loss: 1.3664, Val Acc: 52.59%
No improvement for 2 epoch(s).
Epoch[11/200] Train Loss: 1.1050, Train Acc: 60.86%
Epoch[11/200] Val Loss: 1.2006, Val Acc: 56.61%
Validation accuracy improved (56.4286 -> 56.6071).
Saved checkpoint: /media/icnlab/Data/Thang/plan_dieases/vit_xai/checkpoints/plantdoc/mobileplantvit/run_20251212-203952/best_checkpoint.pth
Epoch[12/200] Train Loss: 1.1178, Train Acc: 61.75%
Epoch[12/200] Val Loss: 1.2210, Val Acc: 58.53%
Validation accuracy improved (56.6071 -> 58.5268).
Saved checkpoint: /media/icnlab/Data/Thang/plan_dieases/vit_xai/checkpoints/plantdoc/mobileplantvit/run_20251212-203952/best_checkpoint.pth
Epoch[13/200] Train Loss: 1.0723, Train Acc: 62.36%
Epoch[13/200] Val Loss: 1.3137, Val Acc: 58.39%
No improvement for 1 epoch(s).
Epoch[14/200] Train Loss: 1.0226, Train Acc: 63.71%
Epoch[14/200] Val Loss: 1.1967, Val Acc: 60.71%
Validation accuracy improved (58.5268 -> 60.7143).
Saved checkpoint: /media/icnlab/Data/Thang/plan_dieases/vit_xai/checkpoints/plantdoc/mobileplantvit/run_20251212-203952/best_checkpoint.pth
Epoch[15/200] Train Loss: 1.0282, Train Acc: 63.51%
Epoch[15/200] Val Loss: 1.4203, Val Acc: 53.71%
No improvement for 1 epoch(s).
Epoch[16/200] Train Loss: 1.0065, Train Acc: 63.54%
Epoch[16/200] Val Loss: 1.2213, Val Acc: 57.81%
No improvement for 2 epoch(s).
Epoch[17/200] Train Loss: 0.9978, Train Acc: 64.89%
Epoch[17/200] Val Loss: 1.2381, Val Acc: 57.59%
No improvement for 3 epoch(s).
Epoch[18/200] Train Loss: 0.9501, Train Acc: 66.07%
Epoch[18/200] Val Loss: 1.3092, Val Acc: 56.74%
No improvement for 4 epoch(s).
Epoch[19/200] Train Loss: 0.9644, Train Acc: 65.40%
Epoch[19/200] Val Loss: 1.3136, Val Acc: 58.30%
No improvement for 5 epoch(s).
Epoch[20/200] Train Loss: 0.9725, Train Acc: 65.15%
Epoch[20/200] Val Loss: 1.2257, Val Acc: 58.53%
No improvement for 6 epoch(s).
Epoch[21/200] Train Loss: 0.9448, Train Acc: 66.13%
Epoch[21/200] Val Loss: 1.1406, Val Acc: 60.27%
No improvement for 7 epoch(s).
Epoch[22/200] Train Loss: 0.8943, Train Acc: 67.87%
Epoch[22/200] Val Loss: 1.1812, Val Acc: 60.54%
No improvement for 8 epoch(s).
Epoch[23/200] Train Loss: 0.8975, Train Acc: 67.49%
Epoch[23/200] Val Loss: 1.1474, Val Acc: 59.38%
No improvement for 9 epoch(s).
Epoch[24/200] Train Loss: 0.8903, Train Acc: 68.64%
Epoch[24/200] Val Loss: 1.1330, Val Acc: 59.42%
No improvement for 10 epoch(s).
Epoch[25/200] Train Loss: 0.8947, Train Acc: 67.50%
Epoch[25/200] Val Loss: 1.1430, Val Acc: 59.64%
No improvement for 11 epoch(s).
Epoch[26/200] Train Loss: 0.7985, Train Acc: 71.80%
Epoch[26/200] Val Loss: 1.0850, Val Acc: 61.83%
Validation accuracy improved (60.7143 -> 61.8304).
Saved checkpoint: /media/icnlab/Data/Thang/plan_dieases/vit_xai/checkpoints/plantdoc/mobileplantvit/run_20251212-203952/best_checkpoint.pth
Epoch[27/200] Train Loss: 0.7582, Train Acc: 71.69%
Epoch[27/200] Val Loss: 1.0382, Val Acc: 64.96%
Validation accuracy improved (61.8304 -> 64.9554).
Saved checkpoint: /media/icnlab/Data/Thang/plan_dieases/vit_xai/checkpoints/plantdoc/mobileplantvit/run_20251212-203952/best_checkpoint.pth
Epoch[28/200] Train Loss: 0.7264, Train Acc: 73.14%
Epoch[28/200] Val Loss: 1.0705, Val Acc: 62.86%
No improvement for 1 epoch(s).
Epoch[29/200] Train Loss: 0.7137, Train Acc: 73.90%
Epoch[29/200] Val Loss: 1.1489, Val Acc: 61.21%
No improvement for 2 epoch(s).
Epoch[30/200] Train Loss: 0.7347, Train Acc: 73.40%
Epoch[30/200] Val Loss: 1.1554, Val Acc: 57.77%
No improvement for 3 epoch(s).
Epoch[31/200] Train Loss: 0.6951, Train Acc: 74.90%
Epoch[31/200] Val Loss: 1.1058, Val Acc: 63.21%
No improvement for 4 epoch(s).
Epoch[32/200] Train Loss: 0.6914, Train Acc: 75.00%
Epoch[32/200] Val Loss: 1.0986, Val Acc: 64.02%
No improvement for 5 epoch(s).
Epoch[33/200] Train Loss: 0.6731, Train Acc: 75.67%
Epoch[33/200] Val Loss: 1.0601, Val Acc: 62.68%
No improvement for 6 epoch(s).
Epoch[34/200] Train Loss: 0.6667, Train Acc: 75.53%
Epoch[34/200] Val Loss: 1.0729, Val Acc: 63.48%
No improvement for 7 epoch(s).
Epoch[35/200] Train Loss: 0.6433, Train Acc: 76.80%
Epoch[35/200] Val Loss: 1.1494, Val Acc: 64.42%
No improvement for 8 epoch(s).
Epoch[36/200] Train Loss: 0.6566, Train Acc: 75.66%
Epoch[36/200] Val Loss: 1.1620, Val Acc: 61.12%
No improvement for 9 epoch(s).
Epoch[37/200] Train Loss: 0.6534, Train Acc: 76.77%
Epoch[37/200] Val Loss: 1.1156, Val Acc: 59.06%
No improvement for 10 epoch(s).
Epoch[38/200] Train Loss: 0.6428, Train Acc: 77.46%
Epoch[38/200] Val Loss: 1.1236, Val Acc: 62.54%
No improvement for 11 epoch(s).
Epoch[39/200] Train Loss: 0.5824, Train Acc: 80.11%
Epoch[39/200] Val Loss: 1.0264, Val Acc: 63.30%
No improvement for 12 epoch(s).
Epoch[40/200] Train Loss: 0.5644, Train Acc: 79.63%
Epoch[40/200] Val Loss: 1.0114, Val Acc: 61.74%
No improvement for 13 epoch(s).
Epoch[41/200] Train Loss: 0.5340, Train Acc: 81.35%
Epoch[41/200] Val Loss: 1.0146, Val Acc: 64.11%
No improvement for 14 epoch(s).
Epoch[42/200] Train Loss: 0.5175, Train Acc: 81.30%
Epoch[42/200] Val Loss: 1.0538, Val Acc: 65.89%
Validation accuracy improved (64.9554 -> 65.8929).
Saved checkpoint: /media/icnlab/Data/Thang/plan_dieases/vit_xai/checkpoints/plantdoc/mobileplantvit/run_20251212-203952/best_checkpoint.pth
Epoch[43/200] Train Loss: 0.5174, Train Acc: 81.69%
Epoch[43/200] Val Loss: 1.0516, Val Acc: 65.98%
Validation accuracy improved (65.8929 -> 65.9821).
Saved checkpoint: /media/icnlab/Data/Thang/plan_dieases/vit_xai/checkpoints/plantdoc/mobileplantvit/run_20251212-203952/best_checkpoint.pth
Epoch[44/200] Train Loss: 0.5235, Train Acc: 81.15%
Epoch[44/200] Val Loss: 1.1188, Val Acc: 65.58%
No improvement for 1 epoch(s).
Epoch[45/200] Train Loss: 0.5165, Train Acc: 81.76%
Epoch[45/200] Val Loss: 1.0334, Val Acc: 64.02%
No improvement for 2 epoch(s).
Epoch[46/200] Train Loss: 0.4976, Train Acc: 82.40%
Epoch[46/200] Val Loss: 1.0300, Val Acc: 64.73%
No improvement for 3 epoch(s).
Epoch[47/200] Train Loss: 0.4866, Train Acc: 82.49%
Epoch[47/200] Val Loss: 1.0409, Val Acc: 67.54%
Validation accuracy improved (65.9821 -> 67.5446).
Saved checkpoint: /media/icnlab/Data/Thang/plan_dieases/vit_xai/checkpoints/plantdoc/mobileplantvit/run_20251212-203952/best_checkpoint.pth
Epoch[48/200] Train Loss: 0.4776, Train Acc: 82.95%
Epoch[48/200] Val Loss: 1.0412, Val Acc: 65.45%
No improvement for 1 epoch(s).
Epoch[49/200] Train Loss: 0.4809, Train Acc: 83.46%
Epoch[49/200] Val Loss: 1.0845, Val Acc: 64.42%
No improvement for 2 epoch(s).
Epoch[50/200] Train Loss: 0.5053, Train Acc: 82.16%
Epoch[50/200] Val Loss: 1.0781, Val Acc: 64.33%
No improvement for 3 epoch(s).
Epoch[51/200] Train Loss: 0.4579, Train Acc: 83.59%
Epoch[51/200] Val Loss: 1.0365, Val Acc: 68.26%
Validation accuracy improved (67.5446 -> 68.2589).
Saved checkpoint: /media/icnlab/Data/Thang/plan_dieases/vit_xai/checkpoints/plantdoc/mobileplantvit/run_20251212-203952/best_checkpoint.pth
Epoch[52/200] Train Loss: 0.4582, Train Acc: 83.62%
Epoch[52/200] Val Loss: 1.1051, Val Acc: 65.36%
No improvement for 1 epoch(s).
Epoch[53/200] Train Loss: 0.4397, Train Acc: 84.18%
Epoch[53/200] Val Loss: 1.0684, Val Acc: 64.73%
No improvement for 2 epoch(s).
Epoch[54/200] Train Loss: 0.4536, Train Acc: 83.99%
Epoch[54/200] Val Loss: 1.0307, Val Acc: 66.83%
No improvement for 3 epoch(s).
Epoch[55/200] Train Loss: 0.4475, Train Acc: 84.76%
Epoch[55/200] Val Loss: 1.0850, Val Acc: 64.24%
No improvement for 4 epoch(s).
Epoch[56/200] Train Loss: 0.4380, Train Acc: 84.71%
Epoch[56/200] Val Loss: 1.0462, Val Acc: 67.54%
No improvement for 5 epoch(s).
Epoch[57/200] Train Loss: 0.4372, Train Acc: 84.80%
Epoch[57/200] Val Loss: 1.0475, Val Acc: 67.54%
No improvement for 6 epoch(s).
Epoch[58/200] Train Loss: 0.4235, Train Acc: 84.84%
Epoch[58/200] Val Loss: 1.0877, Val Acc: 66.61%
No improvement for 7 epoch(s).
Epoch[59/200] Train Loss: 0.4032, Train Acc: 86.88%
Epoch[59/200] Val Loss: 1.0242, Val Acc: 66.21%
No improvement for 8 epoch(s).
Epoch[60/200] Train Loss: 0.4215, Train Acc: 84.92%
Epoch[60/200] Val Loss: 1.0691, Val Acc: 66.70%
No improvement for 9 epoch(s).
Epoch[61/200] Train Loss: 0.4045, Train Acc: 86.09%
Epoch[61/200] Val Loss: 1.0724, Val Acc: 64.64%
No improvement for 10 epoch(s).
Epoch[62/200] Train Loss: 0.4303, Train Acc: 85.17%
Epoch[62/200] Val Loss: 1.0992, Val Acc: 65.45%
No improvement for 11 epoch(s).
Epoch[63/200] Train Loss: 0.3731, Train Acc: 87.40%
Epoch[63/200] Val Loss: 0.9787, Val Acc: 70.85%
Validation accuracy improved (68.2589 -> 70.8482).
Saved checkpoint: /media/icnlab/Data/Thang/plan_dieases/vit_xai/checkpoints/plantdoc/mobileplantvit/run_20251212-203952/best_checkpoint.pth
Epoch[64/200] Train Loss: 0.3737, Train Acc: 87.63%
Epoch[64/200] Val Loss: 0.9561, Val Acc: 70.45%
No improvement for 1 epoch(s).
Epoch[65/200] Train Loss: 0.3557, Train Acc: 88.15%
Epoch[65/200] Val Loss: 1.0027, Val Acc: 70.54%
No improvement for 2 epoch(s).
Epoch[66/200] Train Loss: 0.3498, Train Acc: 88.57%
Epoch[66/200] Val Loss: 1.0026, Val Acc: 70.76%
No improvement for 3 epoch(s).
Epoch[67/200] Train Loss: 0.3558, Train Acc: 87.87%
Epoch[67/200] Val Loss: 0.9971, Val Acc: 71.07%
Validation accuracy improved (70.8482 -> 71.0714).
Saved checkpoint: /media/icnlab/Data/Thang/plan_dieases/vit_xai/checkpoints/plantdoc/mobileplantvit/run_20251212-203952/best_checkpoint.pth
Epoch[68/200] Train Loss: 0.3471, Train Acc: 87.99%
Epoch[68/200] Val Loss: 0.9889, Val Acc: 69.51%
No improvement for 1 epoch(s).
Epoch[69/200] Train Loss: 0.3426, Train Acc: 88.25%
Epoch[69/200] Val Loss: 1.0055, Val Acc: 68.97%
No improvement for 2 epoch(s).
Epoch[70/200] Train Loss: 0.3426, Train Acc: 87.97%
Epoch[70/200] Val Loss: 1.0179, Val Acc: 71.70%
Validation accuracy improved (71.0714 -> 71.6964).
Saved checkpoint: /media/icnlab/Data/Thang/plan_dieases/vit_xai/checkpoints/plantdoc/mobileplantvit/run_20251212-203952/best_checkpoint.pth
Epoch[71/200] Train Loss: 0.3377, Train Acc: 88.52%
Epoch[71/200] Val Loss: 0.9916, Val Acc: 70.22%
No improvement for 1 epoch(s).
Epoch[72/200] Train Loss: 0.3270, Train Acc: 88.94%
Epoch[72/200] Val Loss: 1.0491, Val Acc: 68.88%
No improvement for 2 epoch(s).
Epoch[73/200] Train Loss: 0.3435, Train Acc: 88.91%
Epoch[73/200] Val Loss: 0.9799, Val Acc: 69.60%
No improvement for 3 epoch(s).
Epoch[74/200] Train Loss: 0.3302, Train Acc: 89.31%
Epoch[74/200] Val Loss: 0.9788, Val Acc: 70.22%
No improvement for 4 epoch(s).
Epoch[75/200] Train Loss: 0.3199, Train Acc: 89.15%
Epoch[75/200] Val Loss: 1.0369, Val Acc: 70.22%
No improvement for 5 epoch(s).
Epoch[76/200] Train Loss: 0.3196, Train Acc: 89.51%
Epoch[76/200] Val Loss: 0.9799, Val Acc: 71.38%
No improvement for 6 epoch(s).
Epoch[77/200] Train Loss: 0.3357, Train Acc: 88.27%
Epoch[77/200] Val Loss: 1.0102, Val Acc: 70.45%
No improvement for 7 epoch(s).
Epoch[78/200] Train Loss: 0.3249, Train Acc: 89.60%
Epoch[78/200] Val Loss: 1.0380, Val Acc: 70.13%
No improvement for 8 epoch(s).
Epoch[79/200] Train Loss: 0.3120, Train Acc: 88.91%
Epoch[79/200] Val Loss: 1.0376, Val Acc: 72.41%
Validation accuracy improved (71.6964 -> 72.4107).
Saved checkpoint: /media/icnlab/Data/Thang/plan_dieases/vit_xai/checkpoints/plantdoc/mobileplantvit/run_20251212-203952/best_checkpoint.pth
Epoch[80/200] Train Loss: 0.3139, Train Acc: 89.72%
Epoch[80/200] Val Loss: 0.9931, Val Acc: 72.32%
No improvement for 1 epoch(s).
Epoch[81/200] Train Loss: 0.3031, Train Acc: 90.10%
Epoch[81/200] Val Loss: 0.9822, Val Acc: 71.70%
No improvement for 2 epoch(s).
Epoch[82/200] Train Loss: 0.2978, Train Acc: 90.51%
Epoch[82/200] Val Loss: 0.9957, Val Acc: 71.16%
No improvement for 3 epoch(s).
Epoch[83/200] Train Loss: 0.3028, Train Acc: 89.83%
Epoch[83/200] Val Loss: 1.0404, Val Acc: 70.22%
No improvement for 4 epoch(s).
Epoch[84/200] Train Loss: 0.3120, Train Acc: 89.52%
Epoch[84/200] Val Loss: 1.0342, Val Acc: 72.19%
No improvement for 5 epoch(s).
Epoch[85/200] Train Loss: 0.3048, Train Acc: 89.61%
Epoch[85/200] Val Loss: 1.0527, Val Acc: 68.26%
No improvement for 6 epoch(s).
Epoch[86/200] Train Loss: 0.3144, Train Acc: 88.91%
Epoch[86/200] Val Loss: 1.0334, Val Acc: 69.20%
No improvement for 7 epoch(s).
Epoch[87/200] Train Loss: 0.3152, Train Acc: 89.16%
Epoch[87/200] Val Loss: 1.0349, Val Acc: 68.48%
No improvement for 8 epoch(s).
Epoch[88/200] Train Loss: 0.2910, Train Acc: 90.78%
Epoch[88/200] Val Loss: 1.0176, Val Acc: 71.70%
No improvement for 9 epoch(s).
Epoch[89/200] Train Loss: 0.2853, Train Acc: 90.08%
Epoch[89/200] Val Loss: 1.0998, Val Acc: 69.91%
No improvement for 10 epoch(s).
Epoch[90/200] Train Loss: 0.3095, Train Acc: 89.28%
Epoch[90/200] Val Loss: 1.0467, Val Acc: 68.62%
No improvement for 11 epoch(s).
Epoch[91/200] Train Loss: 0.2836, Train Acc: 90.81%
Epoch[91/200] Val Loss: 1.0054, Val Acc: 71.16%
No improvement for 12 epoch(s).
Epoch[92/200] Train Loss: 0.2826, Train Acc: 90.55%
Epoch[92/200] Val Loss: 1.0004, Val Acc: 72.32%
No improvement for 13 epoch(s).
Epoch[93/200] Train Loss: 0.2688, Train Acc: 90.48%
Epoch[93/200] Val Loss: 0.9884, Val Acc: 73.35%
Validation accuracy improved (72.4107 -> 73.3482).
Saved checkpoint: /media/icnlab/Data/Thang/plan_dieases/vit_xai/checkpoints/plantdoc/mobileplantvit/run_20251212-203952/best_checkpoint.pth
Epoch[94/200] Train Loss: 0.2763, Train Acc: 91.21%
Epoch[94/200] Val Loss: 0.9987, Val Acc: 72.32%
No improvement for 1 epoch(s).
Epoch[95/200] Train Loss: 0.2507, Train Acc: 91.81%
Epoch[95/200] Val Loss: 0.9931, Val Acc: 72.32%
No improvement for 2 epoch(s).
Epoch[96/200] Train Loss: 0.2466, Train Acc: 91.87%
Epoch[96/200] Val Loss: 1.0044, Val Acc: 71.61%
No improvement for 3 epoch(s).
Epoch[97/200] Train Loss: 0.2601, Train Acc: 91.07%
Epoch[97/200] Val Loss: 1.0140, Val Acc: 71.38%
No improvement for 4 epoch(s).
Epoch[98/200] Train Loss: 0.2528, Train Acc: 91.24%
Epoch[98/200] Val Loss: 1.0116, Val Acc: 72.01%
No improvement for 5 epoch(s).
Epoch[99/200] Train Loss: 0.2492, Train Acc: 92.14%
Epoch[99/200] Val Loss: 1.0057, Val Acc: 72.95%
No improvement for 6 epoch(s).
Epoch[100/200] Train Loss: 0.2581, Train Acc: 91.61%
Epoch[100/200] Val Loss: 0.9979, Val Acc: 73.66%
Validation accuracy improved (73.3482 -> 73.6607).
Saved checkpoint: /media/icnlab/Data/Thang/plan_dieases/vit_xai/checkpoints/plantdoc/mobileplantvit/run_20251212-203952/best_checkpoint.pth
Epoch[101/200] Train Loss: 0.2542, Train Acc: 91.08%
Epoch[101/200] Val Loss: 1.0528, Val Acc: 71.70%
No improvement for 1 epoch(s).
Epoch[102/200] Train Loss: 0.2524, Train Acc: 91.89%
Epoch[102/200] Val Loss: 1.0026, Val Acc: 71.92%
No improvement for 2 epoch(s).
Epoch[103/200] Train Loss: 0.2554, Train Acc: 91.81%
Epoch[103/200] Val Loss: 1.0217, Val Acc: 73.26%
No improvement for 3 epoch(s).
Epoch[104/200] Train Loss: 0.2331, Train Acc: 92.03%
Epoch[104/200] Val Loss: 1.0266, Val Acc: 72.95%
No improvement for 4 epoch(s).
Epoch[105/200] Train Loss: 0.2201, Train Acc: 93.21%
Epoch[105/200] Val Loss: 1.0263, Val Acc: 71.38%
No improvement for 5 epoch(s).
Epoch[106/200] Train Loss: 0.2374, Train Acc: 91.84%
Epoch[106/200] Val Loss: 1.0045, Val Acc: 72.41%
No improvement for 6 epoch(s).
Epoch[107/200] Train Loss: 0.2301, Train Acc: 92.25%
Epoch[107/200] Val Loss: 1.0299, Val Acc: 72.95%
No improvement for 7 epoch(s).
Epoch[108/200] Train Loss: 0.2491, Train Acc: 92.02%
Epoch[108/200] Val Loss: 1.0420, Val Acc: 70.98%
No improvement for 8 epoch(s).
Epoch[109/200] Train Loss: 0.2497, Train Acc: 91.52%
Epoch[109/200] Val Loss: 1.0413, Val Acc: 70.36%
No improvement for 9 epoch(s).
Epoch[110/200] Train Loss: 0.2352, Train Acc: 92.42%
Epoch[110/200] Val Loss: 1.0767, Val Acc: 72.23%
No improvement for 10 epoch(s).
Epoch[111/200] Train Loss: 0.2394, Train Acc: 91.96%
Epoch[111/200] Val Loss: 1.0335, Val Acc: 74.60%
Validation accuracy improved (73.6607 -> 74.5982).
Saved checkpoint: /media/icnlab/Data/Thang/plan_dieases/vit_xai/checkpoints/plantdoc/mobileplantvit/run_20251212-203952/best_checkpoint.pth
Epoch[112/200] Train Loss: 0.2281, Train Acc: 92.50%
Epoch[112/200] Val Loss: 1.0317, Val Acc: 70.76%
No improvement for 1 epoch(s).
Epoch[113/200] Train Loss: 0.2315, Train Acc: 92.12%
Epoch[113/200] Val Loss: 1.0311, Val Acc: 72.23%
No improvement for 2 epoch(s).
Epoch[114/200] Train Loss: 0.2261, Train Acc: 92.08%
Epoch[114/200] Val Loss: 1.0395, Val Acc: 73.57%
No improvement for 3 epoch(s).
Epoch[115/200] Train Loss: 0.2232, Train Acc: 92.16%
Epoch[115/200] Val Loss: 1.0447, Val Acc: 72.01%
No improvement for 4 epoch(s).
Epoch[116/200] Train Loss: 0.2398, Train Acc: 91.95%
Epoch[116/200] Val Loss: 1.0256, Val Acc: 71.92%
No improvement for 5 epoch(s).
Epoch[117/200] Train Loss: 0.2328, Train Acc: 92.41%
Epoch[117/200] Val Loss: 1.0490, Val Acc: 72.32%
No improvement for 6 epoch(s).
Epoch[118/200] Train Loss: 0.2206, Train Acc: 92.45%
Epoch[118/200] Val Loss: 1.0430, Val Acc: 71.83%
No improvement for 7 epoch(s).
Epoch[119/200] Train Loss: 0.2412, Train Acc: 91.28%
Epoch[119/200] Val Loss: 1.0462, Val Acc: 72.32%
No improvement for 8 epoch(s).
Epoch[120/200] Train Loss: 0.2349, Train Acc: 92.24%
Epoch[120/200] Val Loss: 1.0673, Val Acc: 70.18%
No improvement for 9 epoch(s).
Epoch[121/200] Train Loss: 0.2356, Train Acc: 92.40%
Epoch[121/200] Val Loss: 1.0720, Val Acc: 72.46%
No improvement for 10 epoch(s).
Epoch[122/200] Train Loss: 0.2074, Train Acc: 93.07%
Epoch[122/200] Val Loss: 1.0158, Val Acc: 72.86%
No improvement for 11 epoch(s).
Epoch[123/200] Train Loss: 0.2120, Train Acc: 93.29%
Epoch[123/200] Val Loss: 1.0381, Val Acc: 71.83%
No improvement for 12 epoch(s).
Epoch[124/200] Train Loss: 0.2202, Train Acc: 92.63%
Epoch[124/200] Val Loss: 1.0397, Val Acc: 73.88%
No improvement for 13 epoch(s).
Epoch[125/200] Train Loss: 0.2023, Train Acc: 93.60%
Epoch[125/200] Val Loss: 1.0436, Val Acc: 72.23%
No improvement for 14 epoch(s).
Epoch[126/200] Train Loss: 0.2171, Train Acc: 92.47%
Epoch[126/200] Val Loss: 1.0435, Val Acc: 72.54%
No improvement for 15 epoch(s).
Epoch[127/200] Train Loss: 0.2195, Train Acc: 92.63%
Epoch[127/200] Val Loss: 1.0317, Val Acc: 72.32%
No improvement for 16 epoch(s).
Epoch[128/200] Train Loss: 0.2058, Train Acc: 93.27%
Epoch[128/200] Val Loss: 1.0458, Val Acc: 71.61%
No improvement for 17 epoch(s).
Epoch[129/200] Train Loss: 0.2356, Train Acc: 91.94%
Epoch[129/200] Val Loss: 1.0467, Val Acc: 71.21%
No improvement for 18 epoch(s).
Epoch[130/200] Train Loss: 0.2108, Train Acc: 93.04%
Epoch[130/200] Val Loss: 1.0472, Val Acc: 71.29%
No improvement for 19 epoch(s).
Epoch[131/200] Train Loss: 0.2172, Train Acc: 92.74%
Epoch[131/200] Val Loss: 1.0576, Val Acc: 71.61%
No improvement for 20 epoch(s).
Epoch[132/200] Train Loss: 0.2288, Train Acc: 92.28%
Epoch[132/200] Val Loss: 1.0369, Val Acc: 70.27%
No improvement for 21 epoch(s).
Epoch[133/200] Train Loss: 0.2142, Train Acc: 92.78%
Epoch[133/200] Val Loss: 1.0311, Val Acc: 72.23%
No improvement for 22 epoch(s).
Epoch[134/200] Train Loss: 0.2155, Train Acc: 92.76%
Epoch[134/200] Val Loss: 1.0530, Val Acc: 72.32%
No improvement for 23 epoch(s).
Epoch[135/200] Train Loss: 0.1999, Train Acc: 93.42%
Epoch[135/200] Val Loss: 1.0569, Val Acc: 71.21%
No improvement for 24 epoch(s).
Epoch[136/200] Train Loss: 0.2074, Train Acc: 92.95%
Epoch[136/200] Val Loss: 1.0475, Val Acc: 71.92%
No improvement for 25 epoch(s).
Epoch[137/200] Train Loss: 0.2196, Train Acc: 93.13%
Epoch[137/200] Val Loss: 1.0648, Val Acc: 73.57%
No improvement for 26 epoch(s).
Epoch[138/200] Train Loss: 0.1894, Train Acc: 93.75%
Epoch[138/200] Val Loss: 1.0455, Val Acc: 72.32%
No improvement for 27 epoch(s).
Epoch[139/200] Train Loss: 0.1926, Train Acc: 93.94%
Epoch[139/200] Val Loss: 1.0518, Val Acc: 73.57%
No improvement for 28 epoch(s).
Epoch[140/200] Train Loss: 0.1880, Train Acc: 94.27%
Epoch[140/200] Val Loss: 1.0388, Val Acc: 72.54%
No improvement for 29 epoch(s).
Epoch[141/200] Train Loss: 0.2017, Train Acc: 93.89%
Epoch[141/200] Val Loss: 1.0411, Val Acc: 74.29%
No improvement for 30 epoch(s).
Epoch[142/200] Train Loss: 0.1989, Train Acc: 93.02%
Epoch[142/200] Val Loss: 1.0453, Val Acc: 73.04%
No improvement for 31 epoch(s).
Epoch[143/200] Train Loss: 0.1905, Train Acc: 93.72%
Epoch[143/200] Val Loss: 1.0557, Val Acc: 72.86%
No improvement for 32 epoch(s).
Epoch[144/200] Train Loss: 0.2071, Train Acc: 93.25%
Epoch[144/200] Val Loss: 1.0531, Val Acc: 72.54%
No improvement for 33 epoch(s).
Epoch[145/200] Train Loss: 0.1940, Train Acc: 93.58%
Epoch[145/200] Val Loss: 1.0589, Val Acc: 73.88%
No improvement for 34 epoch(s).
Epoch[146/200] Train Loss: 0.2075, Train Acc: 92.85%
Epoch[146/200] Val Loss: 1.0331, Val Acc: 73.35%
No improvement for 35 epoch(s).
Epoch[147/200] Train Loss: 0.1938, Train Acc: 93.36%
Epoch[147/200] Val Loss: 1.0387, Val Acc: 72.63%
No improvement for 36 epoch(s).
Epoch[148/200] Train Loss: 0.1878, Train Acc: 93.80%
Epoch[148/200] Val Loss: 1.0513, Val Acc: 73.57%
No improvement for 37 epoch(s).
Epoch[149/200] Train Loss: 0.1783, Train Acc: 94.46%
Epoch[149/200] Val Loss: 1.0430, Val Acc: 73.26%
No improvement for 38 epoch(s).
Epoch[150/200] Train Loss: 0.1957, Train Acc: 93.11%
Epoch[150/200] Val Loss: 1.0502, Val Acc: 73.57%
No improvement for 39 epoch(s).
Epoch[151/200] Train Loss: 0.2009, Train Acc: 93.09%
Epoch[151/200] Val Loss: 1.0617, Val Acc: 72.63%
No improvement for 40 epoch(s).
Epoch[152/200] Train Loss: 0.1985, Train Acc: 93.41%
Epoch[152/200] Val Loss: 1.0484, Val Acc: 72.23%
No improvement for 41 epoch(s).
Epoch[153/200] Train Loss: 0.1977, Train Acc: 93.58%
Epoch[153/200] Val Loss: 1.0630, Val Acc: 73.04%
No improvement for 42 epoch(s).
Epoch[154/200] Train Loss: 0.1890, Train Acc: 93.80%
Epoch[154/200] Val Loss: 1.0493, Val Acc: 71.29%
No improvement for 43 epoch(s).
Epoch[155/200] Train Loss: 0.1956, Train Acc: 93.64%
Epoch[155/200] Val Loss: 1.0406, Val Acc: 72.95%
No improvement for 44 epoch(s).
Epoch[156/200] Train Loss: 0.1926, Train Acc: 94.07%
Epoch[156/200] Val Loss: 1.0464, Val Acc: 73.88%
No improvement for 45 epoch(s).
Epoch[157/200] Train Loss: 0.1879, Train Acc: 94.04%
Epoch[157/200] Val Loss: 1.0321, Val Acc: 72.63%
No improvement for 46 epoch(s).
Epoch[158/200] Train Loss: 0.1848, Train Acc: 93.90%
Epoch[158/200] Val Loss: 1.0407, Val Acc: 73.88%
No improvement for 47 epoch(s).
Epoch[159/200] Train Loss: 0.1933, Train Acc: 93.48%
Epoch[159/200] Val Loss: 1.0378, Val Acc: 72.23%
No improvement for 48 epoch(s).
Epoch[160/200] Train Loss: 0.1752, Train Acc: 94.47%
Epoch[160/200] Val Loss: 1.0383, Val Acc: 71.83%
No improvement for 49 epoch(s).
Epoch[161/200] Train Loss: 0.2096, Train Acc: 93.47%
Epoch[161/200] Val Loss: 1.0390, Val Acc: 71.92%
No improvement for 50 epoch(s).
Early stopping triggered. No improvement in validation acc for 50 epochs.
Saved checkpoint: /media/icnlab/Data/Thang/plan_dieases/vit_xai/checkpoints/plantdoc/mobileplantvit/run_20251212-203952/last_checkpoint.pth
Training finished. Best val acc: 74.5982 at epoch 111
Saved training plot to /media/icnlab/Data/Thang/plan_dieases/vit_xai/checkpoints/plantdoc/mobileplantvit/run_20251212-203952/loss_acc_plot.png
