Epoch[1/200] Train Loss: 1.8131, Train Acc: 34.73%
Epoch[1/200] Val Loss: 2.2056, Val Acc: 27.90%
Validation accuracy improved (-inf -> 27.9018).
Saved checkpoint: /media/icnlab/Data/Thang/plan_dieases/vit_xai/checkpoints/plantdoc/mobileplantvit/run_20251212-165332/best_checkpoint.pth
Epoch[2/200] Train Loss: 1.6050, Train Acc: 42.41%
Epoch[2/200] Val Loss: 1.6350, Val Acc: 42.01%
Validation accuracy improved (27.9018 -> 42.0089).
Saved checkpoint: /media/icnlab/Data/Thang/plan_dieases/vit_xai/checkpoints/plantdoc/mobileplantvit/run_20251212-165332/best_checkpoint.pth
Epoch[3/200] Train Loss: 1.5136, Train Acc: 46.71%
Epoch[3/200] Val Loss: 1.5263, Val Acc: 42.01%
No improvement for 1 epoch(s).
Epoch[4/200] Train Loss: 1.4467, Train Acc: 48.95%
Epoch[4/200] Val Loss: 1.4922, Val Acc: 50.71%
Validation accuracy improved (42.0089 -> 50.7143).
Saved checkpoint: /media/icnlab/Data/Thang/plan_dieases/vit_xai/checkpoints/plantdoc/mobileplantvit/run_20251212-165332/best_checkpoint.pth
Epoch[5/200] Train Loss: 1.3544, Train Acc: 52.19%
Epoch[5/200] Val Loss: 1.4093, Val Acc: 49.60%
No improvement for 1 epoch(s).
Epoch[6/200] Train Loss: 1.2963, Train Acc: 55.26%
Epoch[6/200] Val Loss: 1.4218, Val Acc: 48.84%
No improvement for 2 epoch(s).
Epoch[7/200] Train Loss: 1.2280, Train Acc: 57.24%
Epoch[7/200] Val Loss: 1.3354, Val Acc: 54.20%
Validation accuracy improved (50.7143 -> 54.1964).
Saved checkpoint: /media/icnlab/Data/Thang/plan_dieases/vit_xai/checkpoints/plantdoc/mobileplantvit/run_20251212-165332/best_checkpoint.pth
Epoch[8/200] Train Loss: 1.1761, Train Acc: 58.75%
Epoch[8/200] Val Loss: 1.4111, Val Acc: 49.06%
No improvement for 1 epoch(s).
Epoch[9/200] Train Loss: 1.1842, Train Acc: 58.13%
Epoch[9/200] Val Loss: 1.2796, Val Acc: 55.18%
Validation accuracy improved (54.1964 -> 55.1786).
Saved checkpoint: /media/icnlab/Data/Thang/plan_dieases/vit_xai/checkpoints/plantdoc/mobileplantvit/run_20251212-165332/best_checkpoint.pth
Epoch[10/200] Train Loss: 1.1500, Train Acc: 58.70%
Epoch[10/200] Val Loss: 1.4605, Val Acc: 50.18%
No improvement for 1 epoch(s).
Epoch[11/200] Train Loss: 1.1426, Train Acc: 59.99%
Epoch[11/200] Val Loss: 1.3121, Val Acc: 54.33%
No improvement for 2 epoch(s).
Epoch[12/200] Train Loss: 1.0980, Train Acc: 60.90%
Epoch[12/200] Val Loss: 1.5426, Val Acc: 50.22%
No improvement for 3 epoch(s).
Epoch[13/200] Train Loss: 1.0957, Train Acc: 61.30%
Epoch[13/200] Val Loss: 1.3326, Val Acc: 53.21%
No improvement for 4 epoch(s).
Epoch[14/200] Train Loss: 1.0750, Train Acc: 62.17%
Epoch[14/200] Val Loss: 1.2862, Val Acc: 57.86%
Validation accuracy improved (55.1786 -> 57.8571).
Saved checkpoint: /media/icnlab/Data/Thang/plan_dieases/vit_xai/checkpoints/plantdoc/mobileplantvit/run_20251212-165332/best_checkpoint.pth
Epoch[15/200] Train Loss: 1.0804, Train Acc: 62.35%
Epoch[15/200] Val Loss: 1.3024, Val Acc: 53.71%
No improvement for 1 epoch(s).
Epoch[16/200] Train Loss: 1.0622, Train Acc: 62.71%
Epoch[16/200] Val Loss: 1.2900, Val Acc: 55.80%
No improvement for 2 epoch(s).
Epoch[17/200] Train Loss: 1.0136, Train Acc: 64.24%
Epoch[17/200] Val Loss: 1.2502, Val Acc: 54.11%
No improvement for 3 epoch(s).
Epoch[18/200] Train Loss: 1.0247, Train Acc: 63.43%
Epoch[18/200] Val Loss: 1.2096, Val Acc: 56.74%
No improvement for 4 epoch(s).
Epoch[19/200] Train Loss: 0.9893, Train Acc: 64.56%
Epoch[19/200] Val Loss: 1.2001, Val Acc: 57.77%
No improvement for 5 epoch(s).
Epoch[20/200] Train Loss: 0.9853, Train Acc: 65.90%
Epoch[20/200] Val Loss: 1.2162, Val Acc: 57.28%
No improvement for 6 epoch(s).
Epoch[21/200] Train Loss: 0.9791, Train Acc: 65.78%
Epoch[21/200] Val Loss: 1.2071, Val Acc: 57.99%
Validation accuracy improved (57.8571 -> 57.9911).
Saved checkpoint: /media/icnlab/Data/Thang/plan_dieases/vit_xai/checkpoints/plantdoc/mobileplantvit/run_20251212-165332/best_checkpoint.pth
Epoch[22/200] Train Loss: 0.9440, Train Acc: 65.78%
Epoch[22/200] Val Loss: 1.4227, Val Acc: 52.05%
No improvement for 1 epoch(s).
Epoch[23/200] Train Loss: 0.9337, Train Acc: 65.74%
Epoch[23/200] Val Loss: 1.2140, Val Acc: 58.08%
Validation accuracy improved (57.9911 -> 58.0804).
Saved checkpoint: /media/icnlab/Data/Thang/plan_dieases/vit_xai/checkpoints/plantdoc/mobileplantvit/run_20251212-165332/best_checkpoint.pth
Epoch[24/200] Train Loss: 0.9213, Train Acc: 66.71%
Epoch[24/200] Val Loss: 1.4314, Val Acc: 53.62%
No improvement for 1 epoch(s).
Epoch[25/200] Train Loss: 0.9001, Train Acc: 67.48%
Epoch[25/200] Val Loss: 1.3095, Val Acc: 58.08%
No improvement for 2 epoch(s).
Epoch[26/200] Train Loss: 0.9288, Train Acc: 66.72%
Epoch[26/200] Val Loss: 1.2180, Val Acc: 59.64%
Validation accuracy improved (58.0804 -> 59.6429).
Saved checkpoint: /media/icnlab/Data/Thang/plan_dieases/vit_xai/checkpoints/plantdoc/mobileplantvit/run_20251212-165332/best_checkpoint.pth
Epoch[27/200] Train Loss: 0.9089, Train Acc: 67.82%
Epoch[27/200] Val Loss: 1.2703, Val Acc: 54.15%
No improvement for 1 epoch(s).
Epoch[28/200] Train Loss: 0.8768, Train Acc: 69.47%
Epoch[28/200] Val Loss: 1.1388, Val Acc: 62.32%
Validation accuracy improved (59.6429 -> 62.3214).
Saved checkpoint: /media/icnlab/Data/Thang/plan_dieases/vit_xai/checkpoints/plantdoc/mobileplantvit/run_20251212-165332/best_checkpoint.pth
Epoch[29/200] Train Loss: 0.8450, Train Acc: 70.10%
Epoch[29/200] Val Loss: 1.2148, Val Acc: 61.07%
No improvement for 1 epoch(s).
Epoch[30/200] Train Loss: 0.8471, Train Acc: 70.12%
Epoch[30/200] Val Loss: 1.2679, Val Acc: 58.26%
No improvement for 2 epoch(s).
Epoch[31/200] Train Loss: 0.8320, Train Acc: 70.66%
Epoch[31/200] Val Loss: 1.1752, Val Acc: 60.18%
No improvement for 3 epoch(s).
Epoch[32/200] Train Loss: 0.8628, Train Acc: 69.83%
Epoch[32/200] Val Loss: 1.1425, Val Acc: 61.16%
No improvement for 4 epoch(s).
Epoch[33/200] Train Loss: 0.8609, Train Acc: 69.43%
Epoch[33/200] Val Loss: 1.1555, Val Acc: 63.26%
Validation accuracy improved (62.3214 -> 63.2589).
Saved checkpoint: /media/icnlab/Data/Thang/plan_dieases/vit_xai/checkpoints/plantdoc/mobileplantvit/run_20251212-165332/best_checkpoint.pth
Epoch[34/200] Train Loss: 0.8047, Train Acc: 71.50%
Epoch[34/200] Val Loss: 1.1029, Val Acc: 62.63%
No improvement for 1 epoch(s).
Epoch[35/200] Train Loss: 0.7989, Train Acc: 71.54%
Epoch[35/200] Val Loss: 1.4862, Val Acc: 56.61%
No improvement for 2 epoch(s).
Epoch[36/200] Train Loss: 0.8137, Train Acc: 70.55%
Epoch[36/200] Val Loss: 1.1786, Val Acc: 55.27%
No improvement for 3 epoch(s).
Epoch[37/200] Train Loss: 0.7893, Train Acc: 71.62%
Epoch[37/200] Val Loss: 1.1442, Val Acc: 62.86%
No improvement for 4 epoch(s).
Epoch[38/200] Train Loss: 0.7561, Train Acc: 73.58%
Epoch[38/200] Val Loss: 1.0892, Val Acc: 68.44%
Validation accuracy improved (63.2589 -> 68.4375).
Saved checkpoint: /media/icnlab/Data/Thang/plan_dieases/vit_xai/checkpoints/plantdoc/mobileplantvit/run_20251212-165332/best_checkpoint.pth
Epoch[39/200] Train Loss: 0.7682, Train Acc: 73.27%
Epoch[39/200] Val Loss: 1.2547, Val Acc: 63.35%
No improvement for 1 epoch(s).
Epoch[40/200] Train Loss: 0.7549, Train Acc: 72.71%
Epoch[40/200] Val Loss: 1.1194, Val Acc: 60.71%
No improvement for 2 epoch(s).
Epoch[41/200] Train Loss: 0.7747, Train Acc: 71.95%
Epoch[41/200] Val Loss: 1.2882, Val Acc: 54.91%
No improvement for 3 epoch(s).
Epoch[42/200] Train Loss: 0.7786, Train Acc: 71.65%
Epoch[42/200] Val Loss: 1.4326, Val Acc: 56.21%
No improvement for 4 epoch(s).
Epoch[43/200] Train Loss: 0.7132, Train Acc: 74.88%
Epoch[43/200] Val Loss: 1.0286, Val Acc: 67.41%
No improvement for 5 epoch(s).
Epoch[44/200] Train Loss: 0.7110, Train Acc: 74.70%
Epoch[44/200] Val Loss: 1.0394, Val Acc: 65.13%
No improvement for 6 epoch(s).
Epoch[45/200] Train Loss: 0.6957, Train Acc: 74.80%
Epoch[45/200] Val Loss: 1.1367, Val Acc: 63.39%
No improvement for 7 epoch(s).
Epoch[46/200] Train Loss: 0.7096, Train Acc: 74.17%
Epoch[46/200] Val Loss: 1.2061, Val Acc: 59.33%
No improvement for 8 epoch(s).
Epoch[47/200] Train Loss: 0.7009, Train Acc: 75.24%
Epoch[47/200] Val Loss: 1.1792, Val Acc: 59.82%
No improvement for 9 epoch(s).
Epoch[48/200] Train Loss: 0.7038, Train Acc: 74.69%
Epoch[48/200] Val Loss: 1.0858, Val Acc: 62.23%
No improvement for 10 epoch(s).
Epoch[49/200] Train Loss: 0.6742, Train Acc: 76.65%
Epoch[49/200] Val Loss: 1.1494, Val Acc: 64.73%
No improvement for 11 epoch(s).
Epoch[50/200] Train Loss: 0.6155, Train Acc: 77.99%
Epoch[50/200] Val Loss: 0.9935, Val Acc: 67.90%
No improvement for 12 epoch(s).
Epoch[51/200] Train Loss: 0.5542, Train Acc: 81.57%
Epoch[51/200] Val Loss: 1.0065, Val Acc: 68.26%
No improvement for 13 epoch(s).
Epoch[52/200] Train Loss: 0.5645, Train Acc: 80.14%
Epoch[52/200] Val Loss: 0.9850, Val Acc: 67.72%
No improvement for 14 epoch(s).
Epoch[53/200] Train Loss: 0.5412, Train Acc: 80.30%
Epoch[53/200] Val Loss: 0.9765, Val Acc: 69.38%
Validation accuracy improved (68.4375 -> 69.3750).
Saved checkpoint: /media/icnlab/Data/Thang/plan_dieases/vit_xai/checkpoints/plantdoc/mobileplantvit/run_20251212-165332/best_checkpoint.pth
Epoch[54/200] Train Loss: 0.5456, Train Acc: 80.15%
Epoch[54/200] Val Loss: 1.0078, Val Acc: 66.38%
No improvement for 1 epoch(s).
Epoch[55/200] Train Loss: 0.5473, Train Acc: 81.55%
Epoch[55/200] Val Loss: 0.9877, Val Acc: 68.97%
No improvement for 2 epoch(s).
Epoch[56/200] Train Loss: 0.5350, Train Acc: 81.24%
Epoch[56/200] Val Loss: 1.0133, Val Acc: 67.50%
No improvement for 3 epoch(s).
Epoch[57/200] Train Loss: 0.5609, Train Acc: 80.37%
Epoch[57/200] Val Loss: 1.0348, Val Acc: 70.09%
Validation accuracy improved (69.3750 -> 70.0893).
Saved checkpoint: /media/icnlab/Data/Thang/plan_dieases/vit_xai/checkpoints/plantdoc/mobileplantvit/run_20251212-165332/best_checkpoint.pth
Epoch[58/200] Train Loss: 0.5442, Train Acc: 80.93%
Epoch[58/200] Val Loss: 0.9828, Val Acc: 69.29%
No improvement for 1 epoch(s).
Epoch[59/200] Train Loss: 0.5141, Train Acc: 81.81%
Epoch[59/200] Val Loss: 0.9610, Val Acc: 65.76%
No improvement for 2 epoch(s).
Epoch[60/200] Train Loss: 0.5158, Train Acc: 81.23%
Epoch[60/200] Val Loss: 1.0228, Val Acc: 68.97%
No improvement for 3 epoch(s).
Epoch[61/200] Train Loss: 0.4789, Train Acc: 83.31%
Epoch[61/200] Val Loss: 1.0502, Val Acc: 70.22%
Validation accuracy improved (70.0893 -> 70.2232).
Saved checkpoint: /media/icnlab/Data/Thang/plan_dieases/vit_xai/checkpoints/plantdoc/mobileplantvit/run_20251212-165332/best_checkpoint.pth
Epoch[62/200] Train Loss: 0.5043, Train Acc: 82.18%
Epoch[62/200] Val Loss: 1.1846, Val Acc: 67.10%
No improvement for 1 epoch(s).
Epoch[63/200] Train Loss: 0.4863, Train Acc: 82.49%
Epoch[63/200] Val Loss: 0.9755, Val Acc: 70.13%
No improvement for 2 epoch(s).
Epoch[64/200] Train Loss: 0.4823, Train Acc: 82.64%
Epoch[64/200] Val Loss: 1.1020, Val Acc: 61.25%
No improvement for 3 epoch(s).
Epoch[65/200] Train Loss: 0.5026, Train Acc: 82.59%
Epoch[65/200] Val Loss: 1.2059, Val Acc: 61.61%
No improvement for 4 epoch(s).
Epoch[66/200] Train Loss: 0.4805, Train Acc: 82.71%
Epoch[66/200] Val Loss: 0.9963, Val Acc: 68.04%
No improvement for 5 epoch(s).
Epoch[67/200] Train Loss: 0.4946, Train Acc: 82.32%
Epoch[67/200] Val Loss: 1.0746, Val Acc: 66.79%
No improvement for 6 epoch(s).
Epoch[68/200] Train Loss: 0.4947, Train Acc: 82.41%
Epoch[68/200] Val Loss: 1.0313, Val Acc: 67.41%
No improvement for 7 epoch(s).
Epoch[69/200] Train Loss: 0.4614, Train Acc: 83.67%
Epoch[69/200] Val Loss: 0.9622, Val Acc: 71.12%
Validation accuracy improved (70.2232 -> 71.1161).
Saved checkpoint: /media/icnlab/Data/Thang/plan_dieases/vit_xai/checkpoints/plantdoc/mobileplantvit/run_20251212-165332/best_checkpoint.pth
Epoch[70/200] Train Loss: 0.4645, Train Acc: 82.80%
Epoch[70/200] Val Loss: 0.9971, Val Acc: 70.22%
No improvement for 1 epoch(s).
Epoch[71/200] Train Loss: 0.4522, Train Acc: 83.46%
Epoch[71/200] Val Loss: 0.9618, Val Acc: 73.44%
Validation accuracy improved (71.1161 -> 73.4375).
Saved checkpoint: /media/icnlab/Data/Thang/plan_dieases/vit_xai/checkpoints/plantdoc/mobileplantvit/run_20251212-165332/best_checkpoint.pth
Epoch[72/200] Train Loss: 0.4600, Train Acc: 83.28%
Epoch[72/200] Val Loss: 1.1397, Val Acc: 62.68%
No improvement for 1 epoch(s).
Epoch[73/200] Train Loss: 0.4360, Train Acc: 84.50%
Epoch[73/200] Val Loss: 1.0541, Val Acc: 70.40%
No improvement for 2 epoch(s).
Epoch[74/200] Train Loss: 0.4228, Train Acc: 84.65%
Epoch[74/200] Val Loss: 1.1001, Val Acc: 71.34%
No improvement for 3 epoch(s).
Epoch[75/200] Train Loss: 0.4174, Train Acc: 85.71%
Epoch[75/200] Val Loss: 1.1373, Val Acc: 68.12%
No improvement for 4 epoch(s).
Epoch[76/200] Train Loss: 0.4240, Train Acc: 84.58%
Epoch[76/200] Val Loss: 1.1452, Val Acc: 70.54%
No improvement for 5 epoch(s).
Epoch[77/200] Train Loss: 0.4264, Train Acc: 85.45%
Epoch[77/200] Val Loss: 0.9801, Val Acc: 67.41%
No improvement for 6 epoch(s).
Epoch[78/200] Train Loss: 0.4135, Train Acc: 85.71%
Epoch[78/200] Val Loss: 1.1261, Val Acc: 67.81%
No improvement for 7 epoch(s).
Epoch[79/200] Train Loss: 0.4632, Train Acc: 83.35%
Epoch[79/200] Val Loss: 1.0493, Val Acc: 69.51%
No improvement for 8 epoch(s).
Epoch[80/200] Train Loss: 0.3852, Train Acc: 86.38%
Epoch[80/200] Val Loss: 1.0673, Val Acc: 69.29%
No improvement for 9 epoch(s).
Epoch[81/200] Train Loss: 0.4203, Train Acc: 85.44%
Epoch[81/200] Val Loss: 1.0369, Val Acc: 67.81%
No improvement for 10 epoch(s).
Epoch[82/200] Train Loss: 0.3792, Train Acc: 86.70%
Epoch[82/200] Val Loss: 1.0786, Val Acc: 70.09%
No improvement for 11 epoch(s).
Epoch[83/200] Train Loss: 0.3389, Train Acc: 88.52%
Epoch[83/200] Val Loss: 0.9329, Val Acc: 71.56%
No improvement for 12 epoch(s).
Epoch[84/200] Train Loss: 0.3517, Train Acc: 87.59%
Epoch[84/200] Val Loss: 0.9494, Val Acc: 72.81%
No improvement for 13 epoch(s).
Epoch[85/200] Train Loss: 0.3184, Train Acc: 89.09%
Epoch[85/200] Val Loss: 1.0197, Val Acc: 74.24%
Validation accuracy improved (73.4375 -> 74.2411).
Saved checkpoint: /media/icnlab/Data/Thang/plan_dieases/vit_xai/checkpoints/plantdoc/mobileplantvit/run_20251212-165332/best_checkpoint.pth
Epoch[86/200] Train Loss: 0.3255, Train Acc: 88.36%
Epoch[86/200] Val Loss: 0.9231, Val Acc: 72.81%
No improvement for 1 epoch(s).
Epoch[87/200] Train Loss: 0.3105, Train Acc: 88.90%
Epoch[87/200] Val Loss: 0.9103, Val Acc: 72.90%
No improvement for 2 epoch(s).
Epoch[88/200] Train Loss: 0.3013, Train Acc: 90.25%
Epoch[88/200] Val Loss: 0.9765, Val Acc: 73.35%
No improvement for 3 epoch(s).
Epoch[89/200] Train Loss: 0.2911, Train Acc: 89.44%
Epoch[89/200] Val Loss: 0.9252, Val Acc: 73.21%
No improvement for 4 epoch(s).
Epoch[90/200] Train Loss: 0.3093, Train Acc: 89.16%
Epoch[90/200] Val Loss: 0.9859, Val Acc: 70.85%
No improvement for 5 epoch(s).
Epoch[91/200] Train Loss: 0.3045, Train Acc: 88.51%
Epoch[91/200] Val Loss: 0.9921, Val Acc: 74.29%
Validation accuracy improved (74.2411 -> 74.2857).
Saved checkpoint: /media/icnlab/Data/Thang/plan_dieases/vit_xai/checkpoints/plantdoc/mobileplantvit/run_20251212-165332/best_checkpoint.pth
Epoch[92/200] Train Loss: 0.2806, Train Acc: 89.98%
Epoch[92/200] Val Loss: 0.9097, Val Acc: 75.09%
Validation accuracy improved (74.2857 -> 75.0893).
Saved checkpoint: /media/icnlab/Data/Thang/plan_dieases/vit_xai/checkpoints/plantdoc/mobileplantvit/run_20251212-165332/best_checkpoint.pth
Epoch[93/200] Train Loss: 0.2860, Train Acc: 89.87%
Epoch[93/200] Val Loss: 1.0175, Val Acc: 73.97%
No improvement for 1 epoch(s).
Epoch[94/200] Train Loss: 0.2916, Train Acc: 89.91%
Epoch[94/200] Val Loss: 0.9450, Val Acc: 75.71%
Validation accuracy improved (75.0893 -> 75.7143).
Saved checkpoint: /media/icnlab/Data/Thang/plan_dieases/vit_xai/checkpoints/plantdoc/mobileplantvit/run_20251212-165332/best_checkpoint.pth
Epoch[95/200] Train Loss: 0.2779, Train Acc: 89.82%
Epoch[95/200] Val Loss: 0.9789, Val Acc: 73.35%
No improvement for 1 epoch(s).
Epoch[96/200] Train Loss: 0.2701, Train Acc: 90.56%
Epoch[96/200] Val Loss: 1.0065, Val Acc: 70.85%
No improvement for 2 epoch(s).
Epoch[97/200] Train Loss: 0.2650, Train Acc: 90.13%
Epoch[97/200] Val Loss: 0.9860, Val Acc: 71.70%
No improvement for 3 epoch(s).
Epoch[98/200] Train Loss: 0.2683, Train Acc: 90.65%
Epoch[98/200] Val Loss: 1.0693, Val Acc: 72.99%
No improvement for 4 epoch(s).
Epoch[99/200] Train Loss: 0.2898, Train Acc: 89.84%
Epoch[99/200] Val Loss: 1.0014, Val Acc: 74.46%
No improvement for 5 epoch(s).
Epoch[100/200] Train Loss: 0.2692, Train Acc: 90.51%
Epoch[100/200] Val Loss: 1.0096, Val Acc: 73.12%
No improvement for 6 epoch(s).
Epoch[101/200] Train Loss: 0.2437, Train Acc: 91.69%
Epoch[101/200] Val Loss: 0.9308, Val Acc: 73.53%
No improvement for 7 epoch(s).
Epoch[102/200] Train Loss: 0.2420, Train Acc: 91.77%
Epoch[102/200] Val Loss: 1.0038, Val Acc: 72.50%
No improvement for 8 epoch(s).
Epoch[103/200] Train Loss: 0.2437, Train Acc: 91.68%
Epoch[103/200] Val Loss: 0.9948, Val Acc: 72.10%
No improvement for 9 epoch(s).
Epoch[104/200] Train Loss: 0.2532, Train Acc: 91.13%
Epoch[104/200] Val Loss: 0.9822, Val Acc: 73.84%
No improvement for 10 epoch(s).
Epoch[105/200] Train Loss: 0.2374, Train Acc: 91.83%
Epoch[105/200] Val Loss: 0.9513, Val Acc: 76.56%
Validation accuracy improved (75.7143 -> 76.5625).
Saved checkpoint: /media/icnlab/Data/Thang/plan_dieases/vit_xai/checkpoints/plantdoc/mobileplantvit/run_20251212-165332/best_checkpoint.pth
Epoch[106/200] Train Loss: 0.2696, Train Acc: 91.02%
Epoch[106/200] Val Loss: 0.9275, Val Acc: 73.84%
No improvement for 1 epoch(s).
Epoch[107/200] Train Loss: 0.2621, Train Acc: 90.82%
Epoch[107/200] Val Loss: 1.1246, Val Acc: 72.59%
No improvement for 2 epoch(s).
Epoch[108/200] Train Loss: 0.2420, Train Acc: 91.98%
Epoch[108/200] Val Loss: 0.9953, Val Acc: 74.78%
No improvement for 3 epoch(s).
Epoch[109/200] Train Loss: 0.2524, Train Acc: 90.84%
Epoch[109/200] Val Loss: 0.9731, Val Acc: 73.44%
No improvement for 4 epoch(s).
Epoch[110/200] Train Loss: 0.2554, Train Acc: 90.93%
Epoch[110/200] Val Loss: 1.0767, Val Acc: 72.50%
No improvement for 5 epoch(s).
Epoch[111/200] Train Loss: 0.2475, Train Acc: 90.83%
Epoch[111/200] Val Loss: 1.0031, Val Acc: 72.50%
No improvement for 6 epoch(s).
Epoch[112/200] Train Loss: 0.2569, Train Acc: 91.42%
Epoch[112/200] Val Loss: 1.0023, Val Acc: 72.50%
No improvement for 7 epoch(s).
Epoch[113/200] Train Loss: 0.2367, Train Acc: 91.33%
Epoch[113/200] Val Loss: 0.9916, Val Acc: 74.15%
No improvement for 8 epoch(s).
Epoch[114/200] Train Loss: 0.2387, Train Acc: 91.60%
Epoch[114/200] Val Loss: 1.0418, Val Acc: 74.38%
No improvement for 9 epoch(s).
Epoch[115/200] Train Loss: 0.2387, Train Acc: 91.90%
Epoch[115/200] Val Loss: 1.0449, Val Acc: 72.19%
No improvement for 10 epoch(s).
Epoch[116/200] Train Loss: 0.2259, Train Acc: 92.12%
Epoch[116/200] Val Loss: 0.9686, Val Acc: 74.78%
No improvement for 11 epoch(s).
Epoch[117/200] Train Loss: 0.2141, Train Acc: 92.67%
Epoch[117/200] Val Loss: 0.9671, Val Acc: 75.00%
No improvement for 12 epoch(s).
Epoch[118/200] Train Loss: 0.2180, Train Acc: 91.95%
Epoch[118/200] Val Loss: 1.0034, Val Acc: 74.78%
No improvement for 13 epoch(s).
Epoch[119/200] Train Loss: 0.1925, Train Acc: 93.58%
Epoch[119/200] Val Loss: 0.9684, Val Acc: 73.84%
No improvement for 14 epoch(s).
Epoch[120/200] Train Loss: 0.1888, Train Acc: 93.61%
Epoch[120/200] Val Loss: 0.9208, Val Acc: 76.34%
No improvement for 15 epoch(s).
Epoch[121/200] Train Loss: 0.1775, Train Acc: 93.87%
Epoch[121/200] Val Loss: 0.9612, Val Acc: 75.71%
No improvement for 16 epoch(s).
Epoch[122/200] Train Loss: 0.1993, Train Acc: 92.71%
Epoch[122/200] Val Loss: 0.9353, Val Acc: 75.49%
No improvement for 17 epoch(s).
Epoch[123/200] Train Loss: 0.1924, Train Acc: 93.54%
Epoch[123/200] Val Loss: 0.9326, Val Acc: 77.59%
Validation accuracy improved (76.5625 -> 77.5893).
Saved checkpoint: /media/icnlab/Data/Thang/plan_dieases/vit_xai/checkpoints/plantdoc/mobileplantvit/run_20251212-165332/best_checkpoint.pth
Epoch[124/200] Train Loss: 0.2005, Train Acc: 93.46%
Epoch[124/200] Val Loss: 0.9039, Val Acc: 75.00%
No improvement for 1 epoch(s).
Epoch[125/200] Train Loss: 0.1787, Train Acc: 93.64%
Epoch[125/200] Val Loss: 0.9487, Val Acc: 75.94%
No improvement for 2 epoch(s).
Epoch[126/200] Train Loss: 0.1848, Train Acc: 94.18%
Epoch[126/200] Val Loss: 0.9799, Val Acc: 76.34%
No improvement for 3 epoch(s).
Epoch[127/200] Train Loss: 0.1709, Train Acc: 94.45%
Epoch[127/200] Val Loss: 0.9676, Val Acc: 74.46%
No improvement for 4 epoch(s).
Epoch[128/200] Train Loss: 0.1664, Train Acc: 94.41%
Epoch[128/200] Val Loss: 0.9828, Val Acc: 75.40%
No improvement for 5 epoch(s).
Epoch[129/200] Train Loss: 0.1874, Train Acc: 93.11%
Epoch[129/200] Val Loss: 1.0136, Val Acc: 75.40%
No improvement for 6 epoch(s).
Epoch[130/200] Train Loss: 0.1703, Train Acc: 93.89%
Epoch[130/200] Val Loss: 1.0248, Val Acc: 76.12%
No improvement for 7 epoch(s).
Epoch[131/200] Train Loss: 0.1752, Train Acc: 94.12%
Epoch[131/200] Val Loss: 1.0165, Val Acc: 75.71%
No improvement for 8 epoch(s).
Epoch[132/200] Train Loss: 0.1664, Train Acc: 94.59%
Epoch[132/200] Val Loss: 0.9840, Val Acc: 75.80%
No improvement for 9 epoch(s).
Epoch[133/200] Train Loss: 0.1685, Train Acc: 94.54%
Epoch[133/200] Val Loss: 1.0075, Val Acc: 76.43%
No improvement for 10 epoch(s).
Epoch[134/200] Train Loss: 0.1699, Train Acc: 94.49%
Epoch[134/200] Val Loss: 1.0298, Val Acc: 76.03%
No improvement for 11 epoch(s).
Epoch[135/200] Train Loss: 0.1485, Train Acc: 94.98%
Epoch[135/200] Val Loss: 1.0080, Val Acc: 75.71%
No improvement for 12 epoch(s).
Epoch[136/200] Train Loss: 0.1495, Train Acc: 95.36%
Epoch[136/200] Val Loss: 0.9810, Val Acc: 75.80%
No improvement for 13 epoch(s).
Epoch[137/200] Train Loss: 0.1425, Train Acc: 95.81%
Epoch[137/200] Val Loss: 1.0009, Val Acc: 75.80%
No improvement for 14 epoch(s).
Epoch[138/200] Train Loss: 0.1295, Train Acc: 96.18%
Epoch[138/200] Val Loss: 0.9780, Val Acc: 76.74%
No improvement for 15 epoch(s).
Epoch[139/200] Train Loss: 0.1442, Train Acc: 95.45%
Epoch[139/200] Val Loss: 0.9624, Val Acc: 76.03%
No improvement for 16 epoch(s).
Epoch[140/200] Train Loss: 0.1596, Train Acc: 94.72%
Epoch[140/200] Val Loss: 0.9965, Val Acc: 75.71%
No improvement for 17 epoch(s).
Epoch[141/200] Train Loss: 0.1344, Train Acc: 95.72%
Epoch[141/200] Val Loss: 1.0226, Val Acc: 75.71%
No improvement for 18 epoch(s).
Epoch[142/200] Train Loss: 0.1466, Train Acc: 95.06%
Epoch[142/200] Val Loss: 1.0040, Val Acc: 76.03%
No improvement for 19 epoch(s).
Epoch[143/200] Train Loss: 0.1563, Train Acc: 94.33%
Epoch[143/200] Val Loss: 1.0012, Val Acc: 76.43%
No improvement for 20 epoch(s).
Epoch[144/200] Train Loss: 0.1517, Train Acc: 95.10%
Epoch[144/200] Val Loss: 0.9923, Val Acc: 76.43%
No improvement for 21 epoch(s).
Epoch[145/200] Train Loss: 0.1413, Train Acc: 95.27%
Epoch[145/200] Val Loss: 1.0316, Val Acc: 76.43%
No improvement for 22 epoch(s).
Epoch[146/200] Train Loss: 0.1432, Train Acc: 95.20%
Epoch[146/200] Val Loss: 1.0001, Val Acc: 76.43%
No improvement for 23 epoch(s).
Epoch[147/200] Train Loss: 0.1421, Train Acc: 95.75%
Epoch[147/200] Val Loss: 0.9887, Val Acc: 75.18%
No improvement for 24 epoch(s).
Epoch[148/200] Train Loss: 0.1267, Train Acc: 96.05%
Epoch[148/200] Val Loss: 1.0076, Val Acc: 76.74%
No improvement for 25 epoch(s).
Epoch[149/200] Train Loss: 0.1343, Train Acc: 95.59%
Epoch[149/200] Val Loss: 0.9821, Val Acc: 77.05%
No improvement for 26 epoch(s).
Epoch[150/200] Train Loss: 0.1432, Train Acc: 95.64%
Epoch[150/200] Val Loss: 1.0002, Val Acc: 77.05%
No improvement for 27 epoch(s).
Epoch[151/200] Train Loss: 0.1336, Train Acc: 95.42%
Epoch[151/200] Val Loss: 0.9939, Val Acc: 76.74%
No improvement for 28 epoch(s).
Epoch[152/200] Train Loss: 0.1301, Train Acc: 95.62%
Epoch[152/200] Val Loss: 0.9781, Val Acc: 76.43%
No improvement for 29 epoch(s).
Epoch[153/200] Train Loss: 0.1378, Train Acc: 95.75%
Epoch[153/200] Val Loss: 1.0103, Val Acc: 75.80%
No improvement for 30 epoch(s).
Epoch[154/200] Train Loss: 0.1490, Train Acc: 94.81%
Epoch[154/200] Val Loss: 0.9894, Val Acc: 76.74%
No improvement for 31 epoch(s).
Epoch[155/200] Train Loss: 0.1216, Train Acc: 96.11%
Epoch[155/200] Val Loss: 1.0200, Val Acc: 76.12%
No improvement for 32 epoch(s).
Epoch[156/200] Train Loss: 0.1415, Train Acc: 95.15%
Epoch[156/200] Val Loss: 1.0230, Val Acc: 77.37%
No improvement for 33 epoch(s).
Epoch[157/200] Train Loss: 0.1487, Train Acc: 95.32%
Epoch[157/200] Val Loss: 1.0190, Val Acc: 77.99%
Validation accuracy improved (77.5893 -> 77.9911).
Saved checkpoint: /media/icnlab/Data/Thang/plan_dieases/vit_xai/checkpoints/plantdoc/mobileplantvit/run_20251212-165332/best_checkpoint.pth
Epoch[158/200] Train Loss: 0.1243, Train Acc: 95.50%
Epoch[158/200] Val Loss: 0.9831, Val Acc: 77.05%
No improvement for 1 epoch(s).
Epoch[159/200] Train Loss: 0.1251, Train Acc: 95.88%
Epoch[159/200] Val Loss: 0.9911, Val Acc: 76.74%
No improvement for 2 epoch(s).
Epoch[160/200] Train Loss: 0.1300, Train Acc: 96.14%
Epoch[160/200] Val Loss: 0.9836, Val Acc: 76.43%
No improvement for 3 epoch(s).
Epoch[161/200] Train Loss: 0.1378, Train Acc: 95.58%
Epoch[161/200] Val Loss: 0.9833, Val Acc: 77.68%
No improvement for 4 epoch(s).
Epoch[162/200] Train Loss: 0.1319, Train Acc: 95.94%
Epoch[162/200] Val Loss: 0.9899, Val Acc: 77.37%
No improvement for 5 epoch(s).
Epoch[163/200] Train Loss: 0.1367, Train Acc: 95.54%
Epoch[163/200] Val Loss: 0.9839, Val Acc: 77.37%
No improvement for 6 epoch(s).
Epoch[164/200] Train Loss: 0.1109, Train Acc: 96.27%
Epoch[164/200] Val Loss: 1.0052, Val Acc: 77.05%
No improvement for 7 epoch(s).
Epoch[165/200] Train Loss: 0.1249, Train Acc: 96.28%
Epoch[165/200] Val Loss: 0.9787, Val Acc: 76.74%
No improvement for 8 epoch(s).
Epoch[166/200] Train Loss: 0.1278, Train Acc: 96.15%
Epoch[166/200] Val Loss: 0.9895, Val Acc: 77.37%
No improvement for 9 epoch(s).
Epoch[167/200] Train Loss: 0.1313, Train Acc: 95.89%
Epoch[167/200] Val Loss: 1.0077, Val Acc: 77.37%
No improvement for 10 epoch(s).
Epoch[168/200] Train Loss: 0.1188, Train Acc: 96.20%
Epoch[168/200] Val Loss: 1.0063, Val Acc: 77.05%
No improvement for 11 epoch(s).
Epoch[169/200] Train Loss: 0.1287, Train Acc: 95.80%
Epoch[169/200] Val Loss: 0.9939, Val Acc: 77.05%
No improvement for 12 epoch(s).
Epoch[170/200] Train Loss: 0.1253, Train Acc: 95.84%
Epoch[170/200] Val Loss: 0.9872, Val Acc: 77.37%
No improvement for 13 epoch(s).
Epoch[171/200] Train Loss: 0.1237, Train Acc: 95.66%
Epoch[171/200] Val Loss: 1.0069, Val Acc: 77.05%
No improvement for 14 epoch(s).
Epoch[172/200] Train Loss: 0.1378, Train Acc: 95.72%
Epoch[172/200] Val Loss: 0.9981, Val Acc: 77.37%
No improvement for 15 epoch(s).
Epoch[173/200] Train Loss: 0.1299, Train Acc: 95.84%
Epoch[173/200] Val Loss: 1.0093, Val Acc: 76.74%
No improvement for 16 epoch(s).
Epoch[174/200] Train Loss: 0.1300, Train Acc: 95.58%
Epoch[174/200] Val Loss: 1.0002, Val Acc: 76.74%
No improvement for 17 epoch(s).
Epoch[175/200] Train Loss: 0.1311, Train Acc: 95.81%
Epoch[175/200] Val Loss: 0.9747, Val Acc: 77.68%
No improvement for 18 epoch(s).
Epoch[176/200] Train Loss: 0.1245, Train Acc: 96.79%
Epoch[176/200] Val Loss: 1.0072, Val Acc: 77.05%
No improvement for 19 epoch(s).
Epoch[177/200] Train Loss: 0.1387, Train Acc: 95.88%
Epoch[177/200] Val Loss: 0.9961, Val Acc: 77.05%
No improvement for 20 epoch(s).
Epoch[178/200] Train Loss: 0.1270, Train Acc: 95.50%
Epoch[178/200] Val Loss: 0.9877, Val Acc: 77.37%
No improvement for 21 epoch(s).
Epoch[179/200] Train Loss: 0.1241, Train Acc: 96.01%
Epoch[179/200] Val Loss: 0.9987, Val Acc: 77.05%
No improvement for 22 epoch(s).
Epoch[180/200] Train Loss: 0.1282, Train Acc: 96.48%
Epoch[180/200] Val Loss: 1.0062, Val Acc: 77.05%
No improvement for 23 epoch(s).
Epoch[181/200] Train Loss: 0.1328, Train Acc: 95.40%
Epoch[181/200] Val Loss: 1.0055, Val Acc: 76.74%
No improvement for 24 epoch(s).
Epoch[182/200] Train Loss: 0.1206, Train Acc: 96.15%
Epoch[182/200] Val Loss: 0.9778, Val Acc: 76.74%
No improvement for 25 epoch(s).
Epoch[183/200] Train Loss: 0.1185, Train Acc: 96.01%
Epoch[183/200] Val Loss: 1.0010, Val Acc: 76.74%
No improvement for 26 epoch(s).
Epoch[184/200] Train Loss: 0.1195, Train Acc: 95.84%
Epoch[184/200] Val Loss: 0.9906, Val Acc: 76.43%
No improvement for 27 epoch(s).
Epoch[185/200] Train Loss: 0.1224, Train Acc: 95.88%
Epoch[185/200] Val Loss: 0.9984, Val Acc: 77.37%
No improvement for 28 epoch(s).
Epoch[186/200] Train Loss: 0.1253, Train Acc: 96.02%
Epoch[186/200] Val Loss: 0.9802, Val Acc: 77.05%
No improvement for 29 epoch(s).
Epoch[187/200] Train Loss: 0.1143, Train Acc: 96.53%
Epoch[187/200] Val Loss: 0.9903, Val Acc: 77.05%
No improvement for 30 epoch(s).
Epoch[188/200] Train Loss: 0.1237, Train Acc: 95.93%
Epoch[188/200] Val Loss: 0.9918, Val Acc: 76.43%
No improvement for 31 epoch(s).
Epoch[189/200] Train Loss: 0.1181, Train Acc: 96.40%
Epoch[189/200] Val Loss: 0.9911, Val Acc: 77.05%
No improvement for 32 epoch(s).
Epoch[190/200] Train Loss: 0.1283, Train Acc: 95.64%
Epoch[190/200] Val Loss: 0.9993, Val Acc: 77.05%
No improvement for 33 epoch(s).
Epoch[191/200] Train Loss: 0.1246, Train Acc: 96.16%
Epoch[191/200] Val Loss: 0.9972, Val Acc: 76.43%
No improvement for 34 epoch(s).
Epoch[192/200] Train Loss: 0.1272, Train Acc: 95.71%
Epoch[192/200] Val Loss: 0.9937, Val Acc: 76.74%
No improvement for 35 epoch(s).
Epoch[193/200] Train Loss: 0.1367, Train Acc: 95.19%
Epoch[193/200] Val Loss: 1.0090, Val Acc: 76.74%
No improvement for 36 epoch(s).
Epoch[194/200] Train Loss: 0.1253, Train Acc: 95.58%
Epoch[194/200] Val Loss: 0.9984, Val Acc: 76.74%
No improvement for 37 epoch(s).
Epoch[195/200] Train Loss: 0.1282, Train Acc: 95.90%
Epoch[195/200] Val Loss: 0.9995, Val Acc: 77.05%
No improvement for 38 epoch(s).
Epoch[196/200] Train Loss: 0.1160, Train Acc: 96.15%
Epoch[196/200] Val Loss: 0.9976, Val Acc: 76.43%
No improvement for 39 epoch(s).
Epoch[197/200] Train Loss: 0.1257, Train Acc: 95.91%
Epoch[197/200] Val Loss: 1.0033, Val Acc: 76.74%
No improvement for 40 epoch(s).
Epoch[198/200] Train Loss: 0.1416, Train Acc: 95.06%
Epoch[198/200] Val Loss: 1.0047, Val Acc: 77.05%
No improvement for 41 epoch(s).
Epoch[199/200] Train Loss: 0.1392, Train Acc: 95.42%
Epoch[199/200] Val Loss: 0.9887, Val Acc: 76.74%
No improvement for 42 epoch(s).
Epoch[200/200] Train Loss: 0.1285, Train Acc: 96.33%
Epoch[200/200] Val Loss: 1.0074, Val Acc: 77.05%
No improvement for 43 epoch(s).
Saved checkpoint: /media/icnlab/Data/Thang/plan_dieases/vit_xai/checkpoints/plantdoc/mobileplantvit/run_20251212-165332/last_checkpoint.pth
Training finished. Best val acc: 77.9911 at epoch 157
Saved training plot to /media/icnlab/Data/Thang/plan_dieases/vit_xai/checkpoints/plantdoc/mobileplantvit/run_20251212-165332/loss_acc_plot.png
