Epoch[1/200] Train Loss: 1.8695, Train Acc: 32.26%
Epoch[1/200] Val Loss: 1.7798, Val Acc: 33.10%
Validation accuracy improved (-inf -> 33.1019).
Saved checkpoint: /media/icnlab/Data/Thang/plan_dieases/vit_xai/checkpoints/plantdoc/mobileplantvit/run_20251212-093903/best_checkpoint.pth
Epoch[2/200] Train Loss: 1.7852, Train Acc: 34.53%
Epoch[2/200] Val Loss: 1.8247, Val Acc: 30.09%
No improvement for 1 epoch(s).
Epoch[3/200] Train Loss: 1.7453, Train Acc: 37.63%
Epoch[3/200] Val Loss: 1.8680, Val Acc: 37.50%
Validation accuracy improved (33.1019 -> 37.5000).
Saved checkpoint: /media/icnlab/Data/Thang/plan_dieases/vit_xai/checkpoints/plantdoc/mobileplantvit/run_20251212-093903/best_checkpoint.pth
Epoch[4/200] Train Loss: 1.7615, Train Acc: 38.02%
Epoch[4/200] Val Loss: 1.7805, Val Acc: 34.14%
No improvement for 1 epoch(s).
Epoch[5/200] Train Loss: 1.7366, Train Acc: 38.94%
Epoch[5/200] Val Loss: 1.7037, Val Acc: 39.70%
Validation accuracy improved (37.5000 -> 39.6991).
Saved checkpoint: /media/icnlab/Data/Thang/plan_dieases/vit_xai/checkpoints/plantdoc/mobileplantvit/run_20251212-093903/best_checkpoint.pth
Epoch[6/200] Train Loss: 1.6819, Train Acc: 40.34%
Epoch[6/200] Val Loss: 1.7806, Val Acc: 34.03%
No improvement for 1 epoch(s).
Epoch[7/200] Train Loss: 1.6611, Train Acc: 41.43%
Epoch[7/200] Val Loss: 1.6806, Val Acc: 39.70%
No improvement for 2 epoch(s).
Epoch[8/200] Train Loss: 1.6608, Train Acc: 41.04%
Epoch[8/200] Val Loss: 1.7167, Val Acc: 42.13%
Validation accuracy improved (39.6991 -> 42.1296).
Saved checkpoint: /media/icnlab/Data/Thang/plan_dieases/vit_xai/checkpoints/plantdoc/mobileplantvit/run_20251212-093903/best_checkpoint.pth
Epoch[9/200] Train Loss: 1.6403, Train Acc: 41.52%
Epoch[9/200] Val Loss: 1.6055, Val Acc: 41.09%
No improvement for 1 epoch(s).
Epoch[10/200] Train Loss: 1.6287, Train Acc: 42.53%
Epoch[10/200] Val Loss: 1.6873, Val Acc: 40.62%
No improvement for 2 epoch(s).
Epoch[11/200] Train Loss: 1.5892, Train Acc: 43.53%
Epoch[11/200] Val Loss: 1.5891, Val Acc: 42.71%
Validation accuracy improved (42.1296 -> 42.7083).
Saved checkpoint: /media/icnlab/Data/Thang/plan_dieases/vit_xai/checkpoints/plantdoc/mobileplantvit/run_20251212-093903/best_checkpoint.pth
Epoch[12/200] Train Loss: 1.5733, Train Acc: 44.41%
Epoch[12/200] Val Loss: 1.6609, Val Acc: 43.17%
Validation accuracy improved (42.7083 -> 43.1713).
Saved checkpoint: /media/icnlab/Data/Thang/plan_dieases/vit_xai/checkpoints/plantdoc/mobileplantvit/run_20251212-093903/best_checkpoint.pth
Epoch[13/200] Train Loss: 1.5523, Train Acc: 43.84%
Epoch[13/200] Val Loss: 1.7797, Val Acc: 37.85%
No improvement for 1 epoch(s).
Epoch[14/200] Train Loss: 1.5635, Train Acc: 44.76%
Epoch[14/200] Val Loss: 1.6983, Val Acc: 42.36%
No improvement for 2 epoch(s).
Epoch[15/200] Train Loss: 1.5227, Train Acc: 45.19%
Epoch[15/200] Val Loss: 1.6091, Val Acc: 45.83%
Validation accuracy improved (43.1713 -> 45.8333).
Saved checkpoint: /media/icnlab/Data/Thang/plan_dieases/vit_xai/checkpoints/plantdoc/mobileplantvit/run_20251212-093903/best_checkpoint.pth
Epoch[16/200] Train Loss: 1.5212, Train Acc: 45.06%
Epoch[16/200] Val Loss: 1.8117, Val Acc: 34.72%
No improvement for 1 epoch(s).
Epoch[17/200] Train Loss: 1.5063, Train Acc: 46.37%
Epoch[17/200] Val Loss: 1.5492, Val Acc: 43.17%
No improvement for 2 epoch(s).
Epoch[18/200] Train Loss: 1.4990, Train Acc: 46.37%
Epoch[18/200] Val Loss: 1.7152, Val Acc: 43.63%
No improvement for 3 epoch(s).
Epoch[19/200] Train Loss: 1.4934, Train Acc: 47.77%
Epoch[19/200] Val Loss: 1.6970, Val Acc: 43.52%
No improvement for 4 epoch(s).
Epoch[20/200] Train Loss: 1.5006, Train Acc: 46.90%
Epoch[20/200] Val Loss: 1.6288, Val Acc: 41.44%
No improvement for 5 epoch(s).
Epoch[21/200] Train Loss: 1.5023, Train Acc: 46.24%
Epoch[21/200] Val Loss: 1.4911, Val Acc: 46.99%
Validation accuracy improved (45.8333 -> 46.9907).
Saved checkpoint: /media/icnlab/Data/Thang/plan_dieases/vit_xai/checkpoints/plantdoc/mobileplantvit/run_20251212-093903/best_checkpoint.pth
Epoch[22/200] Train Loss: 1.4560, Train Acc: 48.25%
Epoch[22/200] Val Loss: 1.4822, Val Acc: 48.03%
Validation accuracy improved (46.9907 -> 48.0324).
Saved checkpoint: /media/icnlab/Data/Thang/plan_dieases/vit_xai/checkpoints/plantdoc/mobileplantvit/run_20251212-093903/best_checkpoint.pth
Epoch[23/200] Train Loss: 1.4510, Train Acc: 48.65%
Epoch[23/200] Val Loss: 1.5489, Val Acc: 42.82%
No improvement for 1 epoch(s).
Epoch[24/200] Train Loss: 1.4290, Train Acc: 49.26%
Epoch[24/200] Val Loss: 1.5953, Val Acc: 44.56%
No improvement for 2 epoch(s).
Epoch[25/200] Train Loss: 1.4210, Train Acc: 50.13%
Epoch[25/200] Val Loss: 1.5744, Val Acc: 46.64%
No improvement for 3 epoch(s).
Epoch[26/200] Train Loss: 1.4224, Train Acc: 50.52%
Epoch[26/200] Val Loss: 1.4752, Val Acc: 45.72%
No improvement for 4 epoch(s).
Epoch[27/200] Train Loss: 1.4141, Train Acc: 49.30%
Epoch[27/200] Val Loss: 1.4776, Val Acc: 49.54%
Validation accuracy improved (48.0324 -> 49.5370).
Saved checkpoint: /media/icnlab/Data/Thang/plan_dieases/vit_xai/checkpoints/plantdoc/mobileplantvit/run_20251212-093903/best_checkpoint.pth
Epoch[28/200] Train Loss: 1.4119, Train Acc: 49.21%
Epoch[28/200] Val Loss: 2.4470, Val Acc: 25.00%
No improvement for 1 epoch(s).
Epoch[29/200] Train Loss: 1.3977, Train Acc: 49.48%
Epoch[29/200] Val Loss: 1.5009, Val Acc: 49.88%
Validation accuracy improved (49.5370 -> 49.8843).
Saved checkpoint: /media/icnlab/Data/Thang/plan_dieases/vit_xai/checkpoints/plantdoc/mobileplantvit/run_20251212-093903/best_checkpoint.pth
Epoch[30/200] Train Loss: 1.4124, Train Acc: 49.52%
Epoch[30/200] Val Loss: 1.8490, Val Acc: 40.28%
No improvement for 1 epoch(s).
Epoch[31/200] Train Loss: 1.3763, Train Acc: 51.97%
Epoch[31/200] Val Loss: 1.7066, Val Acc: 39.81%
No improvement for 2 epoch(s).
Epoch[32/200] Train Loss: 1.3808, Train Acc: 50.22%
Epoch[32/200] Val Loss: 1.5070, Val Acc: 47.69%
No improvement for 3 epoch(s).
Epoch[33/200] Train Loss: 1.3918, Train Acc: 50.04%
Epoch[33/200] Val Loss: 1.5213, Val Acc: 50.00%
Validation accuracy improved (49.8843 -> 50.0000).
Saved checkpoint: /media/icnlab/Data/Thang/plan_dieases/vit_xai/checkpoints/plantdoc/mobileplantvit/run_20251212-093903/best_checkpoint.pth
Epoch[34/200] Train Loss: 1.3761, Train Acc: 50.87%
Epoch[34/200] Val Loss: 1.4695, Val Acc: 53.36%
Validation accuracy improved (50.0000 -> 53.3565).
Saved checkpoint: /media/icnlab/Data/Thang/plan_dieases/vit_xai/checkpoints/plantdoc/mobileplantvit/run_20251212-093903/best_checkpoint.pth
Epoch[35/200] Train Loss: 1.3795, Train Acc: 50.87%
Epoch[35/200] Val Loss: 1.4510, Val Acc: 49.07%
No improvement for 1 epoch(s).
Epoch[36/200] Train Loss: 1.3582, Train Acc: 50.96%
Epoch[36/200] Val Loss: 1.8820, Val Acc: 34.03%
No improvement for 2 epoch(s).
Epoch[37/200] Train Loss: 1.3431, Train Acc: 52.01%
Epoch[37/200] Val Loss: 1.4510, Val Acc: 49.19%
No improvement for 3 epoch(s).
Epoch[38/200] Train Loss: 1.3410, Train Acc: 51.92%
Epoch[38/200] Val Loss: 1.6920, Val Acc: 42.71%
No improvement for 4 epoch(s).
Epoch[39/200] Train Loss: 1.3716, Train Acc: 50.92%
Epoch[39/200] Val Loss: 1.5387, Val Acc: 47.11%
No improvement for 5 epoch(s).
Epoch[40/200] Train Loss: 1.3615, Train Acc: 51.01%
Epoch[40/200] Val Loss: 2.1271, Val Acc: 40.97%
No improvement for 6 epoch(s).
Epoch[41/200] Train Loss: 1.3742, Train Acc: 51.22%
Epoch[41/200] Val Loss: 1.4856, Val Acc: 46.76%
No improvement for 7 epoch(s).
Epoch[42/200] Train Loss: 1.3757, Train Acc: 50.04%
Epoch[42/200] Val Loss: 1.3623, Val Acc: 52.55%
No improvement for 8 epoch(s).
Epoch[43/200] Train Loss: 1.3640, Train Acc: 52.10%
Epoch[43/200] Val Loss: 1.4321, Val Acc: 47.80%
No improvement for 9 epoch(s).
Epoch[44/200] Train Loss: 1.3083, Train Acc: 54.11%
Epoch[44/200] Val Loss: 2.3054, Val Acc: 38.89%
No improvement for 10 epoch(s).
Epoch[45/200] Train Loss: 1.3260, Train Acc: 52.10%
Epoch[45/200] Val Loss: 1.4051, Val Acc: 49.19%
No improvement for 11 epoch(s).
Epoch[46/200] Train Loss: 1.2880, Train Acc: 53.93%
Epoch[46/200] Val Loss: 1.6362, Val Acc: 38.19%
No improvement for 12 epoch(s).
Epoch[47/200] Train Loss: 1.3053, Train Acc: 52.93%
Epoch[47/200] Val Loss: 1.5548, Val Acc: 51.16%
No improvement for 13 epoch(s).
Epoch[48/200] Train Loss: 1.3077, Train Acc: 53.23%
Epoch[48/200] Val Loss: 1.3938, Val Acc: 51.62%
No improvement for 14 epoch(s).
Epoch[49/200] Train Loss: 1.3123, Train Acc: 52.58%
Epoch[49/200] Val Loss: 1.3512, Val Acc: 52.31%
No improvement for 15 epoch(s).
Epoch[50/200] Train Loss: 1.2969, Train Acc: 53.67%
Epoch[50/200] Val Loss: 1.4499, Val Acc: 51.62%
No improvement for 16 epoch(s).
Epoch[51/200] Train Loss: 1.2741, Train Acc: 53.58%
Epoch[51/200] Val Loss: 1.3492, Val Acc: 54.17%
Validation accuracy improved (53.3565 -> 54.1667).
Saved checkpoint: /media/icnlab/Data/Thang/plan_dieases/vit_xai/checkpoints/plantdoc/mobileplantvit/run_20251212-093903/best_checkpoint.pth
Epoch[52/200] Train Loss: 1.2868, Train Acc: 53.28%
Epoch[52/200] Val Loss: 1.3324, Val Acc: 56.25%
Validation accuracy improved (54.1667 -> 56.2500).
Saved checkpoint: /media/icnlab/Data/Thang/plan_dieases/vit_xai/checkpoints/plantdoc/mobileplantvit/run_20251212-093903/best_checkpoint.pth
Epoch[53/200] Train Loss: 1.2985, Train Acc: 52.80%
Epoch[53/200] Val Loss: 1.4289, Val Acc: 51.04%
No improvement for 1 epoch(s).
Epoch[54/200] Train Loss: 1.3070, Train Acc: 53.63%
Epoch[54/200] Val Loss: 2.5944, Val Acc: 33.45%
No improvement for 2 epoch(s).
Epoch[55/200] Train Loss: 1.2812, Train Acc: 54.06%
Epoch[55/200] Val Loss: 2.0331, Val Acc: 38.31%
No improvement for 3 epoch(s).
Epoch[56/200] Train Loss: 1.2889, Train Acc: 52.45%
Epoch[56/200] Val Loss: 1.3230, Val Acc: 56.83%
Validation accuracy improved (56.2500 -> 56.8287).
Saved checkpoint: /media/icnlab/Data/Thang/plan_dieases/vit_xai/checkpoints/plantdoc/mobileplantvit/run_20251212-093903/best_checkpoint.pth
Epoch[57/200] Train Loss: 1.2609, Train Acc: 54.90%
Epoch[57/200] Val Loss: 1.6000, Val Acc: 46.06%
No improvement for 1 epoch(s).
Epoch[58/200] Train Loss: 1.2678, Train Acc: 53.02%
Epoch[58/200] Val Loss: 1.7811, Val Acc: 39.70%
No improvement for 2 epoch(s).
Epoch[59/200] Train Loss: 1.2703, Train Acc: 54.94%
Epoch[59/200] Val Loss: 1.7200, Val Acc: 45.60%
No improvement for 3 epoch(s).
Epoch[60/200] Train Loss: 1.2737, Train Acc: 54.85%
Epoch[60/200] Val Loss: 1.4748, Val Acc: 49.88%
No improvement for 4 epoch(s).
Epoch[61/200] Train Loss: 1.2877, Train Acc: 53.54%
Epoch[61/200] Val Loss: 1.3700, Val Acc: 52.08%
No improvement for 5 epoch(s).
Epoch[62/200] Train Loss: 1.2915, Train Acc: 53.19%
Epoch[62/200] Val Loss: 1.9324, Val Acc: 40.74%
No improvement for 6 epoch(s).
Epoch[63/200] Train Loss: 1.2517, Train Acc: 55.42%
Epoch[63/200] Val Loss: 1.3075, Val Acc: 53.94%
No improvement for 7 epoch(s).
Epoch[64/200] Train Loss: 1.2837, Train Acc: 53.85%
Epoch[64/200] Val Loss: 1.9801, Val Acc: 42.01%
No improvement for 8 epoch(s).
Epoch[65/200] Train Loss: 1.2948, Train Acc: 52.88%
Epoch[65/200] Val Loss: 1.8945, Val Acc: 39.81%
No improvement for 9 epoch(s).
Epoch[66/200] Train Loss: 1.2778, Train Acc: 54.46%
Epoch[66/200] Val Loss: 1.5333, Val Acc: 50.93%
No improvement for 10 epoch(s).
Epoch[67/200] Train Loss: 1.2738, Train Acc: 53.02%
Epoch[67/200] Val Loss: 1.5085, Val Acc: 48.15%
No improvement for 11 epoch(s).
Epoch[68/200] Train Loss: 1.2330, Train Acc: 55.20%
Epoch[68/200] Val Loss: 1.3248, Val Acc: 53.01%
No improvement for 12 epoch(s).
Epoch[69/200] Train Loss: 1.2301, Train Acc: 55.24%
Epoch[69/200] Val Loss: 1.3520, Val Acc: 52.31%
No improvement for 13 epoch(s).
Epoch[70/200] Train Loss: 1.2281, Train Acc: 55.24%
Epoch[70/200] Val Loss: 1.3120, Val Acc: 54.75%
No improvement for 14 epoch(s).
Epoch[71/200] Train Loss: 1.2450, Train Acc: 54.72%
Epoch[71/200] Val Loss: 1.4081, Val Acc: 49.54%
No improvement for 15 epoch(s).
Epoch[72/200] Train Loss: 1.2174, Train Acc: 56.25%
Epoch[72/200] Val Loss: 1.2676, Val Acc: 57.18%
Validation accuracy improved (56.8287 -> 57.1759).
Saved checkpoint: /media/icnlab/Data/Thang/plan_dieases/vit_xai/checkpoints/plantdoc/mobileplantvit/run_20251212-093903/best_checkpoint.pth
Epoch[73/200] Train Loss: 1.2330, Train Acc: 55.59%
Epoch[73/200] Val Loss: 1.3796, Val Acc: 52.31%
No improvement for 1 epoch(s).
Epoch[74/200] Train Loss: 1.2251, Train Acc: 55.81%
Epoch[74/200] Val Loss: 1.3099, Val Acc: 53.01%
No improvement for 2 epoch(s).
Epoch[75/200] Train Loss: 1.2546, Train Acc: 55.59%
Epoch[75/200] Val Loss: 1.6121, Val Acc: 45.14%
No improvement for 3 epoch(s).
Epoch[76/200] Train Loss: 1.2209, Train Acc: 55.42%
Epoch[76/200] Val Loss: 1.3908, Val Acc: 50.81%
No improvement for 4 epoch(s).
Epoch[77/200] Train Loss: 1.2070, Train Acc: 56.51%
Epoch[77/200] Val Loss: 2.6641, Val Acc: 33.91%
No improvement for 5 epoch(s).
Epoch[78/200] Train Loss: 1.2187, Train Acc: 56.29%
Epoch[78/200] Val Loss: 1.7473, Val Acc: 46.30%
No improvement for 6 epoch(s).
Epoch[79/200] Train Loss: 1.2381, Train Acc: 54.81%
Epoch[79/200] Val Loss: 1.2891, Val Acc: 54.40%
No improvement for 7 epoch(s).
Epoch[80/200] Train Loss: 1.2320, Train Acc: 55.73%
Epoch[80/200] Val Loss: 1.4276, Val Acc: 51.62%
No improvement for 8 epoch(s).
Epoch[81/200] Train Loss: 1.2095, Train Acc: 56.29%
Epoch[81/200] Val Loss: 1.2552, Val Acc: 57.87%
Validation accuracy improved (57.1759 -> 57.8704).
Saved checkpoint: /media/icnlab/Data/Thang/plan_dieases/vit_xai/checkpoints/plantdoc/mobileplantvit/run_20251212-093903/best_checkpoint.pth
Epoch[82/200] Train Loss: 1.2253, Train Acc: 55.51%
Epoch[82/200] Val Loss: 1.3226, Val Acc: 55.44%
No improvement for 1 epoch(s).
Epoch[83/200] Train Loss: 1.2138, Train Acc: 55.42%
Epoch[83/200] Val Loss: 1.3269, Val Acc: 53.70%
No improvement for 2 epoch(s).
Epoch[84/200] Train Loss: 1.2124, Train Acc: 56.64%
Epoch[84/200] Val Loss: 1.6554, Val Acc: 45.72%
No improvement for 3 epoch(s).
Epoch[85/200] Train Loss: 1.2175, Train Acc: 55.99%
Epoch[85/200] Val Loss: 1.4280, Val Acc: 50.35%
No improvement for 4 epoch(s).
Epoch[86/200] Train Loss: 1.2189, Train Acc: 56.25%
Epoch[86/200] Val Loss: 1.4656, Val Acc: 48.50%
No improvement for 5 epoch(s).
Epoch[87/200] Train Loss: 1.2026, Train Acc: 56.86%
Epoch[87/200] Val Loss: 1.3912, Val Acc: 54.86%
No improvement for 6 epoch(s).
Epoch[88/200] Train Loss: 1.2018, Train Acc: 56.29%
Epoch[88/200] Val Loss: 1.3668, Val Acc: 49.54%
No improvement for 7 epoch(s).
Epoch[89/200] Train Loss: 1.1890, Train Acc: 57.65%
Epoch[89/200] Val Loss: 1.4533, Val Acc: 47.80%
No improvement for 8 epoch(s).
Epoch[90/200] Train Loss: 1.2126, Train Acc: 56.51%
Epoch[90/200] Val Loss: 1.3168, Val Acc: 55.67%
No improvement for 9 epoch(s).
Epoch[91/200] Train Loss: 1.1989, Train Acc: 56.82%
Epoch[91/200] Val Loss: 1.2811, Val Acc: 55.21%
No improvement for 10 epoch(s).
Epoch[92/200] Train Loss: 1.2003, Train Acc: 57.26%
Epoch[92/200] Val Loss: 1.3247, Val Acc: 53.24%
No improvement for 11 epoch(s).
Epoch[93/200] Train Loss: 1.1876, Train Acc: 57.04%
Epoch[93/200] Val Loss: 1.3757, Val Acc: 50.23%
No improvement for 12 epoch(s).
Epoch[94/200] Train Loss: 1.1748, Train Acc: 56.64%
Epoch[94/200] Val Loss: 1.3160, Val Acc: 55.44%
No improvement for 13 epoch(s).
Epoch[95/200] Train Loss: 1.1934, Train Acc: 55.90%
Epoch[95/200] Val Loss: 1.4405, Val Acc: 51.62%
No improvement for 14 epoch(s).
Epoch[96/200] Train Loss: 1.1694, Train Acc: 57.91%
Epoch[96/200] Val Loss: 1.3166, Val Acc: 53.36%
No improvement for 15 epoch(s).
Epoch[97/200] Train Loss: 1.1731, Train Acc: 57.69%
Epoch[97/200] Val Loss: 1.2377, Val Acc: 60.19%
Validation accuracy improved (57.8704 -> 60.1852).
Saved checkpoint: /media/icnlab/Data/Thang/plan_dieases/vit_xai/checkpoints/plantdoc/mobileplantvit/run_20251212-093903/best_checkpoint.pth
Epoch[98/200] Train Loss: 1.1771, Train Acc: 57.08%
Epoch[98/200] Val Loss: 1.4578, Val Acc: 49.88%
No improvement for 1 epoch(s).
Epoch[99/200] Train Loss: 1.1888, Train Acc: 56.64%
Epoch[99/200] Val Loss: 1.3430, Val Acc: 55.79%
No improvement for 2 epoch(s).
Epoch[100/200] Train Loss: 1.1860, Train Acc: 57.56%
Epoch[100/200] Val Loss: 1.4806, Val Acc: 52.43%
No improvement for 3 epoch(s).
Epoch[101/200] Train Loss: 1.1815, Train Acc: 58.09%
Epoch[101/200] Val Loss: 1.3310, Val Acc: 57.99%
No improvement for 4 epoch(s).
Epoch[102/200] Train Loss: 1.1869, Train Acc: 56.16%
Epoch[102/200] Val Loss: 1.2825, Val Acc: 54.75%
No improvement for 5 epoch(s).
Epoch[103/200] Train Loss: 1.1990, Train Acc: 55.86%
Epoch[103/200] Val Loss: 1.3363, Val Acc: 53.12%
No improvement for 6 epoch(s).
Epoch[104/200] Train Loss: 1.1730, Train Acc: 57.74%
Epoch[104/200] Val Loss: 1.3284, Val Acc: 57.29%
No improvement for 7 epoch(s).
Epoch[105/200] Train Loss: 1.1754, Train Acc: 57.74%
Epoch[105/200] Val Loss: 1.3159, Val Acc: 56.60%
No improvement for 8 epoch(s).
Epoch[106/200] Train Loss: 1.1754, Train Acc: 57.21%
Epoch[106/200] Val Loss: 1.2952, Val Acc: 58.80%
No improvement for 9 epoch(s).
Epoch[107/200] Train Loss: 1.1731, Train Acc: 56.82%
Epoch[107/200] Val Loss: 1.3185, Val Acc: 53.12%
No improvement for 10 epoch(s).
Epoch[108/200] Train Loss: 1.1762, Train Acc: 57.12%
Epoch[108/200] Val Loss: 1.3181, Val Acc: 55.09%
No improvement for 11 epoch(s).
Epoch[109/200] Train Loss: 1.1630, Train Acc: 57.95%
Epoch[109/200] Val Loss: 1.2307, Val Acc: 57.52%
No improvement for 12 epoch(s).
Epoch[110/200] Train Loss: 1.1504, Train Acc: 57.78%
Epoch[110/200] Val Loss: 1.2549, Val Acc: 59.38%
No improvement for 13 epoch(s).
Epoch[111/200] Train Loss: 1.1499, Train Acc: 58.04%
Epoch[111/200] Val Loss: 1.2337, Val Acc: 57.29%
No improvement for 14 epoch(s).
Epoch[112/200] Train Loss: 1.1511, Train Acc: 58.39%
Epoch[112/200] Val Loss: 1.2118, Val Acc: 60.07%
No improvement for 15 epoch(s).
Epoch[113/200] Train Loss: 1.1641, Train Acc: 57.43%
Epoch[113/200] Val Loss: 1.2194, Val Acc: 60.19%
No improvement for 16 epoch(s).
Epoch[114/200] Train Loss: 1.1778, Train Acc: 57.21%
Epoch[114/200] Val Loss: 1.2377, Val Acc: 57.29%
No improvement for 17 epoch(s).
Epoch[115/200] Train Loss: 1.1516, Train Acc: 58.78%
Epoch[115/200] Val Loss: 1.3707, Val Acc: 53.47%
No improvement for 18 epoch(s).
Epoch[116/200] Train Loss: 1.1768, Train Acc: 57.34%
Epoch[116/200] Val Loss: 1.4043, Val Acc: 51.62%
No improvement for 19 epoch(s).
Epoch[117/200] Train Loss: 1.1562, Train Acc: 57.56%
Epoch[117/200] Val Loss: 1.2321, Val Acc: 60.76%
Validation accuracy improved (60.1852 -> 60.7639).
Saved checkpoint: /media/icnlab/Data/Thang/plan_dieases/vit_xai/checkpoints/plantdoc/mobileplantvit/run_20251212-093903/best_checkpoint.pth
Epoch[118/200] Train Loss: 1.1563, Train Acc: 58.39%
Epoch[118/200] Val Loss: 1.2234, Val Acc: 59.72%
No improvement for 1 epoch(s).
Epoch[119/200] Train Loss: 1.1610, Train Acc: 58.74%
Epoch[119/200] Val Loss: 1.2202, Val Acc: 58.10%
No improvement for 2 epoch(s).
Epoch[120/200] Train Loss: 1.1433, Train Acc: 58.04%
Epoch[120/200] Val Loss: 1.2185, Val Acc: 58.45%
No improvement for 3 epoch(s).
Epoch[121/200] Train Loss: 1.1690, Train Acc: 56.95%
Epoch[121/200] Val Loss: 1.2291, Val Acc: 59.38%
No improvement for 4 epoch(s).
Epoch[122/200] Train Loss: 1.1454, Train Acc: 58.74%
Epoch[122/200] Val Loss: 1.2325, Val Acc: 59.61%
No improvement for 5 epoch(s).
Epoch[123/200] Train Loss: 1.1643, Train Acc: 57.74%
Epoch[123/200] Val Loss: 1.3517, Val Acc: 53.24%
No improvement for 6 epoch(s).
Epoch[124/200] Train Loss: 1.1572, Train Acc: 58.52%
Epoch[124/200] Val Loss: 1.3026, Val Acc: 54.75%
No improvement for 7 epoch(s).
Epoch[125/200] Train Loss: 1.1705, Train Acc: 57.30%
Epoch[125/200] Val Loss: 1.2467, Val Acc: 58.56%
No improvement for 8 epoch(s).
Epoch[126/200] Train Loss: 1.1598, Train Acc: 58.39%
Epoch[126/200] Val Loss: 1.2694, Val Acc: 53.70%
No improvement for 9 epoch(s).
Epoch[127/200] Train Loss: 1.1621, Train Acc: 57.78%
Epoch[127/200] Val Loss: 1.2613, Val Acc: 56.25%
No improvement for 10 epoch(s).
Epoch[128/200] Train Loss: 1.1767, Train Acc: 57.26%
Epoch[128/200] Val Loss: 1.5173, Val Acc: 47.69%
No improvement for 11 epoch(s).
Epoch[129/200] Train Loss: 1.1604, Train Acc: 57.82%
Epoch[129/200] Val Loss: 1.2305, Val Acc: 59.38%
No improvement for 12 epoch(s).
Epoch[130/200] Train Loss: 1.1309, Train Acc: 59.53%
Epoch[130/200] Val Loss: 1.2285, Val Acc: 59.49%
No improvement for 13 epoch(s).
Epoch[131/200] Train Loss: 1.1530, Train Acc: 58.13%
Epoch[131/200] Val Loss: 1.1990, Val Acc: 58.10%
No improvement for 14 epoch(s).
Epoch[132/200] Train Loss: 1.1511, Train Acc: 57.82%
Epoch[132/200] Val Loss: 1.2395, Val Acc: 59.38%
No improvement for 15 epoch(s).
Epoch[133/200] Train Loss: 1.1403, Train Acc: 58.30%
Epoch[133/200] Val Loss: 1.2078, Val Acc: 58.80%
No improvement for 16 epoch(s).
Epoch[134/200] Train Loss: 1.1422, Train Acc: 59.40%
Epoch[134/200] Val Loss: 1.2124, Val Acc: 58.80%
No improvement for 17 epoch(s).
Epoch[135/200] Train Loss: 1.1402, Train Acc: 59.48%
Epoch[135/200] Val Loss: 1.1949, Val Acc: 60.19%
No improvement for 18 epoch(s).
Epoch[136/200] Train Loss: 1.1523, Train Acc: 59.66%
Epoch[136/200] Val Loss: 1.2050, Val Acc: 59.84%
No improvement for 19 epoch(s).
Epoch[137/200] Train Loss: 1.1580, Train Acc: 58.00%
Epoch[137/200] Val Loss: 1.1944, Val Acc: 59.72%
No improvement for 20 epoch(s).
Epoch[138/200] Train Loss: 1.1417, Train Acc: 59.83%
Epoch[138/200] Val Loss: 1.1945, Val Acc: 59.14%
No improvement for 21 epoch(s).
Epoch[139/200] Train Loss: 1.1549, Train Acc: 58.44%
Epoch[139/200] Val Loss: 1.2493, Val Acc: 58.56%
No improvement for 22 epoch(s).
Epoch[140/200] Train Loss: 1.1464, Train Acc: 58.26%
Epoch[140/200] Val Loss: 1.1940, Val Acc: 58.80%
No improvement for 23 epoch(s).
Epoch[141/200] Train Loss: 1.1525, Train Acc: 58.52%
Epoch[141/200] Val Loss: 1.1853, Val Acc: 60.19%
No improvement for 24 epoch(s).
Epoch[142/200] Train Loss: 1.1486, Train Acc: 59.00%
Epoch[142/200] Val Loss: 1.1972, Val Acc: 60.53%
No improvement for 25 epoch(s).
Epoch[143/200] Train Loss: 1.1202, Train Acc: 59.97%
Epoch[143/200] Val Loss: 1.1949, Val Acc: 58.80%
No improvement for 26 epoch(s).
Epoch[144/200] Train Loss: 1.1391, Train Acc: 58.70%
Epoch[144/200] Val Loss: 1.2027, Val Acc: 59.49%
No improvement for 27 epoch(s).
Epoch[145/200] Train Loss: 1.1531, Train Acc: 58.83%
Epoch[145/200] Val Loss: 1.1889, Val Acc: 59.84%
No improvement for 28 epoch(s).
Epoch[146/200] Train Loss: 1.1452, Train Acc: 59.22%
Epoch[146/200] Val Loss: 1.1853, Val Acc: 59.14%
No improvement for 29 epoch(s).
Epoch[147/200] Train Loss: 1.1467, Train Acc: 58.78%
Epoch[147/200] Val Loss: 1.1883, Val Acc: 59.84%
No improvement for 30 epoch(s).
Epoch[148/200] Train Loss: 1.1462, Train Acc: 58.61%
Epoch[148/200] Val Loss: 1.2039, Val Acc: 60.53%
No improvement for 31 epoch(s).
Epoch[149/200] Train Loss: 1.1394, Train Acc: 58.30%
Epoch[149/200] Val Loss: 1.1956, Val Acc: 59.14%
No improvement for 32 epoch(s).
Epoch[150/200] Train Loss: 1.1495, Train Acc: 58.96%
Epoch[150/200] Val Loss: 1.2054, Val Acc: 59.14%
No improvement for 33 epoch(s).
Epoch[151/200] Train Loss: 1.1551, Train Acc: 56.51%
Epoch[151/200] Val Loss: 1.2039, Val Acc: 57.41%
No improvement for 34 epoch(s).
Epoch[152/200] Train Loss: 1.1323, Train Acc: 58.78%
Epoch[152/200] Val Loss: 1.2112, Val Acc: 59.03%
No improvement for 35 epoch(s).
Epoch[153/200] Train Loss: 1.1396, Train Acc: 57.87%
Epoch[153/200] Val Loss: 1.1791, Val Acc: 59.14%
No improvement for 36 epoch(s).
Epoch[154/200] Train Loss: 1.1348, Train Acc: 58.87%
Epoch[154/200] Val Loss: 1.2063, Val Acc: 59.49%
No improvement for 37 epoch(s).
Epoch[155/200] Train Loss: 1.1620, Train Acc: 56.99%
Epoch[155/200] Val Loss: 1.1838, Val Acc: 58.80%
No improvement for 38 epoch(s).
Epoch[156/200] Train Loss: 1.1494, Train Acc: 58.83%
Epoch[156/200] Val Loss: 1.2265, Val Acc: 58.80%
No improvement for 39 epoch(s).
Epoch[157/200] Train Loss: 1.1416, Train Acc: 59.00%
Epoch[157/200] Val Loss: 1.1885, Val Acc: 59.49%
No improvement for 40 epoch(s).
Epoch[158/200] Train Loss: 1.1374, Train Acc: 59.09%
Epoch[158/200] Val Loss: 1.1827, Val Acc: 59.14%
No improvement for 41 epoch(s).
Epoch[159/200] Train Loss: 1.1482, Train Acc: 58.78%
Epoch[159/200] Val Loss: 1.1862, Val Acc: 59.84%
No improvement for 42 epoch(s).
Epoch[160/200] Train Loss: 1.1359, Train Acc: 58.83%
Epoch[160/200] Val Loss: 1.2023, Val Acc: 58.80%
No improvement for 43 epoch(s).
Epoch[161/200] Train Loss: 1.1438, Train Acc: 59.22%
Epoch[161/200] Val Loss: 1.1920, Val Acc: 60.19%
No improvement for 44 epoch(s).
Epoch[162/200] Train Loss: 1.1559, Train Acc: 59.09%
Epoch[162/200] Val Loss: 1.1847, Val Acc: 58.80%
No improvement for 45 epoch(s).
Epoch[163/200] Train Loss: 1.1265, Train Acc: 59.48%
Epoch[163/200] Val Loss: 1.1795, Val Acc: 58.80%
No improvement for 46 epoch(s).
Epoch[164/200] Train Loss: 1.1420, Train Acc: 57.87%
Epoch[164/200] Val Loss: 1.2108, Val Acc: 57.64%
No improvement for 47 epoch(s).
Epoch[165/200] Train Loss: 1.1291, Train Acc: 58.83%
Epoch[165/200] Val Loss: 1.1839, Val Acc: 59.84%
No improvement for 48 epoch(s).
Epoch[166/200] Train Loss: 1.1476, Train Acc: 58.35%
Epoch[166/200] Val Loss: 1.1906, Val Acc: 58.33%
No improvement for 49 epoch(s).
Epoch[167/200] Train Loss: 1.1325, Train Acc: 58.35%
Epoch[167/200] Val Loss: 1.2042, Val Acc: 60.19%
No improvement for 50 epoch(s).
Early stopping triggered. No improvement in validation acc for 50 epochs.
Saved checkpoint: /media/icnlab/Data/Thang/plan_dieases/vit_xai/checkpoints/plantdoc/mobileplantvit/run_20251212-093903/last_checkpoint.pth
Training finished. Best val acc: 60.7639 at epoch 117
Saved training plot to /media/icnlab/Data/Thang/plan_dieases/vit_xai/checkpoints/plantdoc/mobileplantvit/run_20251212-093903/loss_acc_plot.png
